This is pdfTeX, Version 3.14159265-2.6-1.40.16 (TeX Live 2015) (preloaded format=pdflatex 2016.1.22)  2 NOV 2019 09:57
entering extended mode
 restricted \write18 enabled.
 %&-line parsing enabled.
**will_wright_dissertation.tex
(./will_wright_dissertation.tex
LaTeX2e <2015/10/01> patch level 2
Babel <3.9n> and hyphenation patterns for 79 languages loaded.
(./LayoutPreamble.tex
(/usr/local/texlive/2015/texmf-dist/tex/latex/amscls/amsbook.cls
Document Class: amsbook 2015/03/04 v2.20.2
\linespacing=\dimen102
\normalparindent=\dimen103
\normaltopskip=\skip41
(/usr/local/texlive/2015/texmf-dist/tex/latex/amsmath/amsmath.sty
Package: amsmath 2013/01/14 v2.14 AMS math features
\@mathmargin=\skip42

For additional information on amsmath, use the `?' option.
(/usr/local/texlive/2015/texmf-dist/tex/latex/amsmath/amstext.sty
Package: amstext 2000/06/29 v2.01

(/usr/local/texlive/2015/texmf-dist/tex/latex/amsmath/amsgen.sty
File: amsgen.sty 1999/11/30 v2.0
\@emptytoks=\toks14
\ex@=\dimen104
))
(/usr/local/texlive/2015/texmf-dist/tex/latex/amsmath/amsbsy.sty
Package: amsbsy 1999/11/29 v1.2d
\pmbraise@=\dimen105
)
(/usr/local/texlive/2015/texmf-dist/tex/latex/amsmath/amsopn.sty
Package: amsopn 1999/12/14 v2.01 operator names
)
\inf@bad=\count79
LaTeX Info: Redefining \frac on input line 210.
\uproot@=\count80
\leftroot@=\count81
LaTeX Info: Redefining \overline on input line 306.
\classnum@=\count82
\DOTSCASE@=\count83
LaTeX Info: Redefining \ldots on input line 378.
LaTeX Info: Redefining \dots on input line 381.
LaTeX Info: Redefining \cdots on input line 466.
\Mathstrutbox@=\box26
\strutbox@=\box27
\big@size=\dimen106
LaTeX Font Info:    Redeclaring font encoding OML on input line 566.
LaTeX Font Info:    Redeclaring font encoding OMS on input line 567.
\macc@depth=\count84
\c@MaxMatrixCols=\count85
\dotsspace@=\muskip10
\c@parentequation=\count86
\dspbrk@lvl=\count87
\tag@help=\toks15
\row@=\count88
\column@=\count89
\maxfields@=\count90
\andhelp@=\toks16
\eqnshift@=\dimen107
\alignsep@=\dimen108
\tagshift@=\dimen109
\tagwidth@=\dimen110
\totwidth@=\dimen111
\lineht@=\dimen112
\@envbody=\toks17
\multlinegap=\skip43
\multlinetaggap=\skip44
\mathdisplay@stack=\toks18
LaTeX Info: Redefining \[ on input line 2665.
LaTeX Info: Redefining \] on input line 2666.
)
LaTeX Font Info:    Try loading font information for U+msa on input line 367.

(/usr/local/texlive/2015/texmf-dist/tex/latex/amsfonts/umsa.fd
File: umsa.fd 2013/01/14 v3.01 AMS symbols A
)
(/usr/local/texlive/2015/texmf-dist/tex/latex/amsfonts/amsfonts.sty
Package: amsfonts 2013/01/14 v3.01 Basic AMSFonts support
\symAMSa=\mathgroup4
\symAMSb=\mathgroup5
LaTeX Font Info:    Overwriting math alphabet `\mathfrak' in version `bold'
(Font)                  U/euf/m/n --> U/euf/b/n on input line 106.
)
\copyins=\insert199
\abstractbox=\box28
\listisep=\skip45
\c@part=\count91
\c@chapter=\count92
\c@section=\count93
\c@subsection=\count94
\c@subsubsection=\count95
\c@paragraph=\count96
\c@subparagraph=\count97
\c@figure=\count98
\c@table=\count99
\abovecaptionskip=\skip46
\belowcaptionskip=\skip47
\captionindent=\dimen113
\thm@style=\toks19
\thm@bodyfont=\toks20
\thm@headfont=\toks21
\thm@notefont=\toks22
\thm@headpunct=\toks23
\thm@preskip=\skip48
\thm@postskip=\skip49
\thm@headsep=\skip50
\dth@everypar=\toks24
)
(/usr/local/texlive/2015/texmf-dist/tex/latex/geometry/geometry.sty
Package: geometry 2010/09/12 v5.6 Page Geometry

(/usr/local/texlive/2015/texmf-dist/tex/latex/graphics/keyval.sty
Package: keyval 2014/10/28 v1.15 key=value parser (DPC)
\KV@toks@=\toks25
)
(/usr/local/texlive/2015/texmf-dist/tex/generic/oberdiek/ifpdf.sty
Package: ifpdf 2011/01/30 v2.3 Provides the ifpdf switch (HO)
Package ifpdf Info: pdfTeX in PDF mode is detected.
)
(/usr/local/texlive/2015/texmf-dist/tex/generic/oberdiek/ifvtex.sty
Package: ifvtex 2010/03/01 v1.5 Detect VTeX and its facilities (HO)
Package ifvtex Info: VTeX not detected.
)
(/usr/local/texlive/2015/texmf-dist/tex/generic/ifxetex/ifxetex.sty
Package: ifxetex 2010/09/12 v0.6 Provides ifxetex conditional
)
\Gm@cnth=\count100
\Gm@cntv=\count101
\c@Gm@tempcnt=\count102
\Gm@bindingoffset=\dimen114
\Gm@wd@mp=\dimen115
\Gm@odd@mp=\dimen116
\Gm@even@mp=\dimen117
\Gm@layoutwidth=\dimen118
\Gm@layoutheight=\dimen119
\Gm@layouthoffset=\dimen120
\Gm@layoutvoffset=\dimen121
\Gm@dimlist=\toks26
)
(/usr/local/texlive/2015/texmf-dist/tex/latex/fancyhdr/fancyhdr.sty
\fancy@headwidth=\skip51
\f@ncyO@elh=\skip52
\f@ncyO@erh=\skip53
\f@ncyO@olh=\skip54
\f@ncyO@orh=\skip55
\f@ncyO@elf=\skip56
\f@ncyO@erf=\skip57
\f@ncyO@olf=\skip58
\f@ncyO@orf=\skip59
)
(/usr/local/texlive/2015/texmf-dist/tex/latex/setspace/setspace.sty
Package: setspace 2011/12/19 v6.7a set line spacing
)
(/usr/local/texlive/2015/texmf-dist/tex/latex/tools/calc.sty
Package: calc 2014/10/28 v4.3 Infix arithmetic (KKT,FJ)
\calc@Acount=\count103
\calc@Bcount=\count104
\calc@Adimen=\dimen122
\calc@Bdimen=\dimen123
\calc@Askip=\skip60
\calc@Bskip=\skip61
LaTeX Info: Redefining \setlength on input line 80.
LaTeX Info: Redefining \addtolength on input line 81.
\calc@Ccount=\count105
\calc@Cskip=\skip62
)
(/usr/local/texlive/2015/texmf-dist/tex/latex/hyperref/hyperref.sty
Package: hyperref 2012/11/06 v6.83m Hypertext links for LaTeX

(/usr/local/texlive/2015/texmf-dist/tex/generic/oberdiek/hobsub-hyperref.sty
Package: hobsub-hyperref 2012/05/28 v1.13 Bundle oberdiek, subset hyperref (HO)


(/usr/local/texlive/2015/texmf-dist/tex/generic/oberdiek/hobsub-generic.sty
Package: hobsub-generic 2012/05/28 v1.13 Bundle oberdiek, subset generic (HO)
Package: hobsub 2012/05/28 v1.13 Construct package bundles (HO)
Package: infwarerr 2010/04/08 v1.3 Providing info/warning/error messages (HO)
Package: ltxcmds 2011/11/09 v1.22 LaTeX kernel commands for general use (HO)
Package: ifluatex 2010/03/01 v1.3 Provides the ifluatex switch (HO)
Package ifluatex Info: LuaTeX not detected.
Package hobsub Info: Skipping package `ifvtex' (already loaded).
Package: intcalc 2007/09/27 v1.1 Expandable calculations with integers (HO)
Package hobsub Info: Skipping package `ifpdf' (already loaded).
Package: etexcmds 2011/02/16 v1.5 Avoid name clashes with e-TeX commands (HO)
Package etexcmds Info: Could not find \expanded.
(etexcmds)             That can mean that you are not using pdfTeX 1.50 or
(etexcmds)             that some package has redefined \expanded.
(etexcmds)             In the latter case, load this package earlier.
Package: kvsetkeys 2012/04/25 v1.16 Key value parser (HO)
Package: kvdefinekeys 2011/04/07 v1.3 Define keys (HO)
Package: pdftexcmds 2011/11/29 v0.20 Utility functions of pdfTeX for LuaTeX (HO
)
Package pdftexcmds Info: LuaTeX not detected.
Package pdftexcmds Info: \pdf@primitive is available.
Package pdftexcmds Info: \pdf@ifprimitive is available.
Package pdftexcmds Info: \pdfdraftmode found.
Package: pdfescape 2011/11/25 v1.13 Implements pdfTeX's escape features (HO)
Package: bigintcalc 2012/04/08 v1.3 Expandable calculations on big integers (HO
)
Package: bitset 2011/01/30 v1.1 Handle bit-vector datatype (HO)
Package: uniquecounter 2011/01/30 v1.2 Provide unlimited unique counter (HO)
)
Package hobsub Info: Skipping package `hobsub' (already loaded).
Package: letltxmacro 2010/09/02 v1.4 Let assignment for LaTeX macros (HO)
Package: hopatch 2012/05/28 v1.2 Wrapper for package hooks (HO)
Package: xcolor-patch 2011/01/30 xcolor patch
Package: atveryend 2011/06/30 v1.8 Hooks at the very end of document (HO)
Package atveryend Info: \enddocument detected (standard20110627).
Package: atbegshi 2011/10/05 v1.16 At begin shipout hook (HO)
Package: refcount 2011/10/16 v3.4 Data extraction from label references (HO)
Package: hycolor 2011/01/30 v1.7 Color options for hyperref/bookmark (HO)
)
(/usr/local/texlive/2015/texmf-dist/tex/latex/oberdiek/auxhook.sty
Package: auxhook 2011/03/04 v1.3 Hooks for auxiliary files (HO)
)
(/usr/local/texlive/2015/texmf-dist/tex/latex/oberdiek/kvoptions.sty
Package: kvoptions 2011/06/30 v3.11 Key value format for package options (HO)
)
\@linkdim=\dimen124
\Hy@linkcounter=\count106
\Hy@pagecounter=\count107

(/usr/local/texlive/2015/texmf-dist/tex/latex/hyperref/pd1enc.def
File: pd1enc.def 2012/11/06 v6.83m Hyperref: PDFDocEncoding definition (HO)
)
\Hy@SavedSpaceFactor=\count108

(/usr/local/texlive/2015/texmf-dist/tex/latex/latexconfig/hyperref.cfg
File: hyperref.cfg 2002/06/06 v1.2 hyperref configuration of TeXLive
)
Package hyperref Info: Hyper figures OFF on input line 4443.
Package hyperref Info: Link nesting OFF on input line 4448.
Package hyperref Info: Hyper index ON on input line 4451.
Package hyperref Info: Plain pages OFF on input line 4458.
Package hyperref Info: Backreferencing OFF on input line 4463.
Package hyperref Info: Implicit mode ON; LaTeX internals redefined.
Package hyperref Info: Bookmarks ON on input line 4688.
\c@Hy@tempcnt=\count109

(/usr/local/texlive/2015/texmf-dist/tex/latex/url/url.sty
\Urlmuskip=\muskip11
Package: url 2013/09/16  ver 3.4  Verb mode for urls, etc.
)
LaTeX Info: Redefining \url on input line 5041.
\XeTeXLinkMargin=\dimen125
\Fld@menulength=\count110
\Field@Width=\dimen126
\Fld@charsize=\dimen127
Package hyperref Info: Hyper figures OFF on input line 6295.
Package hyperref Info: Link nesting OFF on input line 6300.
Package hyperref Info: Hyper index ON on input line 6303.
Package hyperref Info: backreferencing OFF on input line 6310.
Package hyperref Info: Link coloring OFF on input line 6315.
Package hyperref Info: Link coloring with OCG OFF on input line 6320.
Package hyperref Info: PDF/A mode OFF on input line 6325.
LaTeX Info: Redefining \ref on input line 6365.
LaTeX Info: Redefining \pageref on input line 6369.
\Hy@abspage=\count111
\c@Item=\count112
\c@Hfootnote=\count113
)

Package hyperref Message: Driver (autodetected): hpdftex.

(/usr/local/texlive/2015/texmf-dist/tex/latex/hyperref/hpdftex.def
File: hpdftex.def 2012/11/06 v6.83m Hyperref driver for pdfTeX
\Fld@listcount=\count114
\c@bookmark@seq@number=\count115

(/usr/local/texlive/2015/texmf-dist/tex/latex/oberdiek/rerunfilecheck.sty
Package: rerunfilecheck 2011/04/15 v1.7 Rerun checks for auxiliary files (HO)
Package uniquecounter Info: New unique counter `rerunfilecheck' on input line 2
82.
)
\Hy@SectionHShift=\skip63
))
(./MacrosPreamble.tex
(/usr/local/texlive/2015/texmf-dist/tex/latex/graphics/graphicx.sty
Package: graphicx 2014/10/28 v1.0g Enhanced LaTeX Graphics (DPC,SPQR)

(/usr/local/texlive/2015/texmf-dist/tex/latex/graphics/graphics.sty
Package: graphics 2014/10/28 v1.0p Standard LaTeX Graphics (DPC,SPQR)

(/usr/local/texlive/2015/texmf-dist/tex/latex/graphics/trig.sty
Package: trig 1999/03/16 v1.09 sin cos tan (DPC)
)
(/usr/local/texlive/2015/texmf-dist/tex/latex/latexconfig/graphics.cfg
File: graphics.cfg 2010/04/23 v1.9 graphics configuration of TeX Live
)
Package graphics Info: Driver file: pdftex.def on input line 94.

(/usr/local/texlive/2015/texmf-dist/tex/latex/pdftex-def/pdftex.def
File: pdftex.def 2011/05/27 v0.06d Graphics/color for pdfTeX
\Gread@gobject=\count116
))
\Gin@req@height=\dimen128
\Gin@req@width=\dimen129
)
(/usr/local/texlive/2015/texmf-dist/tex/latex/tools/tabularx.sty
Package: tabularx 2014/10/28 v2.10 `tabularx' package (DPC)

(/usr/local/texlive/2015/texmf-dist/tex/latex/tools/array.sty
Package: array 2014/10/28 v2.4c Tabular extension package (FMi)
\col@sep=\dimen130
\extrarowheight=\dimen131
\NC@list=\toks27
\extratabsurround=\skip64
\backup@length=\skip65
)
\TX@col@width=\dimen132
\TX@old@table=\dimen133
\TX@old@col=\dimen134
\TX@target=\dimen135
\TX@delta=\dimen136
\TX@cols=\count117
\TX@ftn=\toks28
)
(/usr/local/texlive/2015/texmf-dist/tex/latex/amsfonts/amssymb.sty
Package: amssymb 2013/01/14 v3.01 AMS font symbols
)
(/usr/local/texlive/2015/texmf-dist/tex/latex/tools/enumerate.sty
Package: enumerate 2015/07/23 v3.00 enumerate extensions (DPC)
\@enLab=\toks29
)
(/usr/local/texlive/2015/texmf-dist/tex/latex/float/float.sty
Package: float 2001/11/08 v1.3d Float enhancements (AL)
\c@float@type=\count118
\float@exts=\toks30
\float@box=\box29
\@float@everytoks=\toks31
\@floatcapt=\box30
)
(/usr/local/texlive/2015/texmf-dist/tex/latex/doublestroke/dsfont.sty
Package: dsfont 1995/08/01 v0.1 Double stroke roman fonts
)
(/usr/local/texlive/2015/texmf-dist/tex/latex/multirow/multirow.sty
\bigstrutjot=\dimen137
)
(/usr/local/texlive/2015/texmf-dist/tex/latex/pgf/frontendlayer/tikz.sty
(/usr/local/texlive/2015/texmf-dist/tex/latex/pgf/basiclayer/pgf.sty
(/usr/local/texlive/2015/texmf-dist/tex/latex/pgf/utilities/pgfrcs.sty
(/usr/local/texlive/2015/texmf-dist/tex/generic/pgf/utilities/pgfutil-common.te
x
\pgfutil@everybye=\toks32
\pgfutil@tempdima=\dimen138
\pgfutil@tempdimb=\dimen139

(/usr/local/texlive/2015/texmf-dist/tex/generic/pgf/utilities/pgfutil-common-li
sts.tex))
(/usr/local/texlive/2015/texmf-dist/tex/generic/pgf/utilities/pgfutil-latex.def
\pgfutil@abb=\box31
(/usr/local/texlive/2015/texmf-dist/tex/latex/ms/everyshi.sty
Package: everyshi 2001/05/15 v3.00 EveryShipout Package (MS)
))
(/usr/local/texlive/2015/texmf-dist/tex/generic/pgf/utilities/pgfrcs.code.tex
Package: pgfrcs 2015/08/07 v3.0.1a (rcs-revision 1.31)
))
Package: pgf 2015/08/07 v3.0.1a (rcs-revision 1.15)
(/usr/local/texlive/2015/texmf-dist/tex/latex/pgf/basiclayer/pgfcore.sty
(/usr/local/texlive/2015/texmf-dist/tex/latex/pgf/systemlayer/pgfsys.sty
(/usr/local/texlive/2015/texmf-dist/tex/generic/pgf/systemlayer/pgfsys.code.tex
Package: pgfsys 2014/07/09 v3.0.1a (rcs-revision 1.48)
(/usr/local/texlive/2015/texmf-dist/tex/generic/pgf/utilities/pgfkeys.code.tex
\pgfkeys@pathtoks=\toks33
\pgfkeys@temptoks=\toks34

(/usr/local/texlive/2015/texmf-dist/tex/generic/pgf/utilities/pgfkeysfiltered.c
ode.tex
\pgfkeys@tmptoks=\toks35
))
\pgf@x=\dimen140
\pgf@y=\dimen141
\pgf@xa=\dimen142
\pgf@ya=\dimen143
\pgf@xb=\dimen144
\pgf@yb=\dimen145
\pgf@xc=\dimen146
\pgf@yc=\dimen147
\w@pgf@writea=\write3
\r@pgf@reada=\read1
\c@pgf@counta=\count119
\c@pgf@countb=\count120
\c@pgf@countc=\count121
\c@pgf@countd=\count122
\t@pgf@toka=\toks36
\t@pgf@tokb=\toks37
\t@pgf@tokc=\toks38

(/usr/local/texlive/2015/texmf-dist/tex/generic/pgf/systemlayer/pgf.cfg
File: pgf.cfg 2008/05/14  (rcs-revision 1.7)
)
Driver file for pgf: pgfsys-pdftex.def

(/usr/local/texlive/2015/texmf-dist/tex/generic/pgf/systemlayer/pgfsys-pdftex.d
ef
File: pgfsys-pdftex.def 2014/10/11  (rcs-revision 1.35)

(/usr/local/texlive/2015/texmf-dist/tex/generic/pgf/systemlayer/pgfsys-common-p
df.def
File: pgfsys-common-pdf.def 2013/10/10  (rcs-revision 1.13)
)))
(/usr/local/texlive/2015/texmf-dist/tex/generic/pgf/systemlayer/pgfsyssoftpath.
code.tex
File: pgfsyssoftpath.code.tex 2013/09/09  (rcs-revision 1.9)
\pgfsyssoftpath@smallbuffer@items=\count123
\pgfsyssoftpath@bigbuffer@items=\count124
)
(/usr/local/texlive/2015/texmf-dist/tex/generic/pgf/systemlayer/pgfsysprotocol.
code.tex
File: pgfsysprotocol.code.tex 2006/10/16  (rcs-revision 1.4)
)) (/usr/local/texlive/2015/texmf-dist/tex/latex/xcolor/xcolor.sty
Package: xcolor 2007/01/21 v2.11 LaTeX color extensions (UK)

(/usr/local/texlive/2015/texmf-dist/tex/latex/latexconfig/color.cfg
File: color.cfg 2007/01/18 v1.5 color configuration of teTeX/TeXLive
)
Package xcolor Info: Driver file: pdftex.def on input line 225.
Package xcolor Info: Model `cmy' substituted by `cmy0' on input line 1337.
Package xcolor Info: Model `hsb' substituted by `rgb' on input line 1341.
Package xcolor Info: Model `RGB' extended on input line 1353.
Package xcolor Info: Model `HTML' substituted by `rgb' on input line 1355.
Package xcolor Info: Model `Hsb' substituted by `hsb' on input line 1356.
Package xcolor Info: Model `tHsb' substituted by `hsb' on input line 1357.
Package xcolor Info: Model `HSB' substituted by `hsb' on input line 1358.
Package xcolor Info: Model `Gray' substituted by `gray' on input line 1359.
Package xcolor Info: Model `wave' substituted by `hsb' on input line 1360.
)
(/usr/local/texlive/2015/texmf-dist/tex/generic/pgf/basiclayer/pgfcore.code.tex
Package: pgfcore 2010/04/11 v3.0.1a (rcs-revision 1.7)
(/usr/local/texlive/2015/texmf-dist/tex/generic/pgf/math/pgfmath.code.tex
(/usr/local/texlive/2015/texmf-dist/tex/generic/pgf/math/pgfmathcalc.code.tex
(/usr/local/texlive/2015/texmf-dist/tex/generic/pgf/math/pgfmathutil.code.tex)
(/usr/local/texlive/2015/texmf-dist/tex/generic/pgf/math/pgfmathparser.code.tex
\pgfmath@dimen=\dimen148
\pgfmath@count=\count125
\pgfmath@box=\box32
\pgfmath@toks=\toks39
\pgfmath@stack@operand=\toks40
\pgfmath@stack@operation=\toks41
)
(/usr/local/texlive/2015/texmf-dist/tex/generic/pgf/math/pgfmathfunctions.code.
tex
(/usr/local/texlive/2015/texmf-dist/tex/generic/pgf/math/pgfmathfunctions.basic
.code.tex)
(/usr/local/texlive/2015/texmf-dist/tex/generic/pgf/math/pgfmathfunctions.trigo
nometric.code.tex)
(/usr/local/texlive/2015/texmf-dist/tex/generic/pgf/math/pgfmathfunctions.rando
m.code.tex)
(/usr/local/texlive/2015/texmf-dist/tex/generic/pgf/math/pgfmathfunctions.compa
rison.code.tex)
(/usr/local/texlive/2015/texmf-dist/tex/generic/pgf/math/pgfmathfunctions.base.
code.tex)
(/usr/local/texlive/2015/texmf-dist/tex/generic/pgf/math/pgfmathfunctions.round
.code.tex)
(/usr/local/texlive/2015/texmf-dist/tex/generic/pgf/math/pgfmathfunctions.misc.
code.tex)
(/usr/local/texlive/2015/texmf-dist/tex/generic/pgf/math/pgfmathfunctions.integ
erarithmetics.code.tex)))
(/usr/local/texlive/2015/texmf-dist/tex/generic/pgf/math/pgfmathfloat.code.tex
\c@pgfmathroundto@lastzeros=\count126
))
(/usr/local/texlive/2015/texmf-dist/tex/generic/pgf/basiclayer/pgfcorepoints.co
de.tex
File: pgfcorepoints.code.tex 2013/10/07  (rcs-revision 1.27)
\pgf@picminx=\dimen149
\pgf@picmaxx=\dimen150
\pgf@picminy=\dimen151
\pgf@picmaxy=\dimen152
\pgf@pathminx=\dimen153
\pgf@pathmaxx=\dimen154
\pgf@pathminy=\dimen155
\pgf@pathmaxy=\dimen156
\pgf@xx=\dimen157
\pgf@xy=\dimen158
\pgf@yx=\dimen159
\pgf@yy=\dimen160
\pgf@zx=\dimen161
\pgf@zy=\dimen162
)
(/usr/local/texlive/2015/texmf-dist/tex/generic/pgf/basiclayer/pgfcorepathconst
ruct.code.tex
File: pgfcorepathconstruct.code.tex 2013/10/07  (rcs-revision 1.29)
\pgf@path@lastx=\dimen163
\pgf@path@lasty=\dimen164
)
(/usr/local/texlive/2015/texmf-dist/tex/generic/pgf/basiclayer/pgfcorepathusage
.code.tex
File: pgfcorepathusage.code.tex 2014/11/02  (rcs-revision 1.24)
\pgf@shorten@end@additional=\dimen165
\pgf@shorten@start@additional=\dimen166
)
(/usr/local/texlive/2015/texmf-dist/tex/generic/pgf/basiclayer/pgfcorescopes.co
de.tex
File: pgfcorescopes.code.tex 2015/05/08  (rcs-revision 1.46)
\pgfpic=\box33
\pgf@hbox=\box34
\pgf@layerbox@main=\box35
\pgf@picture@serial@count=\count127
)
(/usr/local/texlive/2015/texmf-dist/tex/generic/pgf/basiclayer/pgfcoregraphicst
ate.code.tex
File: pgfcoregraphicstate.code.tex 2014/11/02  (rcs-revision 1.12)
\pgflinewidth=\dimen167
)
(/usr/local/texlive/2015/texmf-dist/tex/generic/pgf/basiclayer/pgfcoretransform
ations.code.tex
File: pgfcoretransformations.code.tex 2015/08/07  (rcs-revision 1.20)
\pgf@pt@x=\dimen168
\pgf@pt@y=\dimen169
\pgf@pt@temp=\dimen170
)
(/usr/local/texlive/2015/texmf-dist/tex/generic/pgf/basiclayer/pgfcorequick.cod
e.tex
File: pgfcorequick.code.tex 2008/10/09  (rcs-revision 1.3)
)
(/usr/local/texlive/2015/texmf-dist/tex/generic/pgf/basiclayer/pgfcoreobjects.c
ode.tex
File: pgfcoreobjects.code.tex 2006/10/11  (rcs-revision 1.2)
)
(/usr/local/texlive/2015/texmf-dist/tex/generic/pgf/basiclayer/pgfcorepathproce
ssing.code.tex
File: pgfcorepathprocessing.code.tex 2013/09/09  (rcs-revision 1.9)
)
(/usr/local/texlive/2015/texmf-dist/tex/generic/pgf/basiclayer/pgfcorearrows.co
de.tex
File: pgfcorearrows.code.tex 2015/05/14  (rcs-revision 1.43)
\pgfarrowsep=\dimen171
)
(/usr/local/texlive/2015/texmf-dist/tex/generic/pgf/basiclayer/pgfcoreshade.cod
e.tex
File: pgfcoreshade.code.tex 2013/07/15  (rcs-revision 1.15)
\pgf@max=\dimen172
\pgf@sys@shading@range@num=\count128
)
(/usr/local/texlive/2015/texmf-dist/tex/generic/pgf/basiclayer/pgfcoreimage.cod
e.tex
File: pgfcoreimage.code.tex 2013/07/15  (rcs-revision 1.18)

(/usr/local/texlive/2015/texmf-dist/tex/generic/pgf/basiclayer/pgfcoreexternal.
code.tex
File: pgfcoreexternal.code.tex 2014/07/09  (rcs-revision 1.21)
\pgfexternal@startupbox=\box36
))
(/usr/local/texlive/2015/texmf-dist/tex/generic/pgf/basiclayer/pgfcorelayers.co
de.tex
File: pgfcorelayers.code.tex 2013/07/18  (rcs-revision 1.7)
)
(/usr/local/texlive/2015/texmf-dist/tex/generic/pgf/basiclayer/pgfcoretranspare
ncy.code.tex
File: pgfcoretransparency.code.tex 2013/09/30  (rcs-revision 1.5)
)
(/usr/local/texlive/2015/texmf-dist/tex/generic/pgf/basiclayer/pgfcorepatterns.
code.tex
File: pgfcorepatterns.code.tex 2013/11/07  (rcs-revision 1.5)
)))
(/usr/local/texlive/2015/texmf-dist/tex/generic/pgf/modules/pgfmoduleshapes.cod
e.tex
File: pgfmoduleshapes.code.tex 2014/03/21  (rcs-revision 1.35)
\pgfnodeparttextbox=\box37
)
(/usr/local/texlive/2015/texmf-dist/tex/generic/pgf/modules/pgfmoduleplot.code.
tex
File: pgfmoduleplot.code.tex 2015/08/03  (rcs-revision 1.13)
)
(/usr/local/texlive/2015/texmf-dist/tex/latex/pgf/compatibility/pgfcomp-version
-0-65.sty
Package: pgfcomp-version-0-65 2007/07/03 v3.0.1a (rcs-revision 1.7)
\pgf@nodesepstart=\dimen173
\pgf@nodesepend=\dimen174
)
(/usr/local/texlive/2015/texmf-dist/tex/latex/pgf/compatibility/pgfcomp-version
-1-18.sty
Package: pgfcomp-version-1-18 2007/07/23 v3.0.1a (rcs-revision 1.1)
))
(/usr/local/texlive/2015/texmf-dist/tex/latex/pgf/utilities/pgffor.sty
(/usr/local/texlive/2015/texmf-dist/tex/latex/pgf/utilities/pgfkeys.sty
(/usr/local/texlive/2015/texmf-dist/tex/generic/pgf/utilities/pgfkeys.code.tex)
) (/usr/local/texlive/2015/texmf-dist/tex/latex/pgf/math/pgfmath.sty
(/usr/local/texlive/2015/texmf-dist/tex/generic/pgf/math/pgfmath.code.tex))
(/usr/local/texlive/2015/texmf-dist/tex/generic/pgf/utilities/pgffor.code.tex
Package: pgffor 2013/12/13 v3.0.1a (rcs-revision 1.25)

(/usr/local/texlive/2015/texmf-dist/tex/generic/pgf/math/pgfmath.code.tex)
\pgffor@iter=\dimen175
\pgffor@skip=\dimen176
\pgffor@stack=\toks42
\pgffor@toks=\toks43
))
(/usr/local/texlive/2015/texmf-dist/tex/generic/pgf/frontendlayer/tikz/tikz.cod
e.tex
Package: tikz 2015/08/07 v3.0.1a (rcs-revision 1.151)

(/usr/local/texlive/2015/texmf-dist/tex/generic/pgf/libraries/pgflibraryplothan
dlers.code.tex
File: pgflibraryplothandlers.code.tex 2013/08/31 v3.0.1a (rcs-revision 1.20)
\pgf@plot@mark@count=\count129
\pgfplotmarksize=\dimen177
)
\tikz@lastx=\dimen178
\tikz@lasty=\dimen179
\tikz@lastxsaved=\dimen180
\tikz@lastysaved=\dimen181
\tikzleveldistance=\dimen182
\tikzsiblingdistance=\dimen183
\tikz@figbox=\box38
\tikz@figbox@bg=\box39
\tikz@tempbox=\box40
\tikz@tempbox@bg=\box41
\tikztreelevel=\count130
\tikznumberofchildren=\count131
\tikznumberofcurrentchild=\count132
\tikz@fig@count=\count133

(/usr/local/texlive/2015/texmf-dist/tex/generic/pgf/modules/pgfmodulematrix.cod
e.tex
File: pgfmodulematrix.code.tex 2013/09/17  (rcs-revision 1.8)
\pgfmatrixcurrentrow=\count134
\pgfmatrixcurrentcolumn=\count135
\pgf@matrix@numberofcolumns=\count136
)
\tikz@expandcount=\count137

(/usr/local/texlive/2015/texmf-dist/tex/generic/pgf/frontendlayer/tikz/librarie
s/tikzlibrarytopaths.code.tex
File: tikzlibrarytopaths.code.tex 2008/06/17 v3.0.1a (rcs-revision 1.2)
)))
(/usr/local/texlive/2015/texmf-dist/tex/generic/pgf/frontendlayer/tikz/librarie
s/tikzlibrarytrees.code.tex
File: tikzlibrarytrees.code.tex 2008/02/24 v3.0.1a (rcs-revision 1.2)
)
(/usr/local/texlive/2015/texmf-dist/tex/generic/pgf/frontendlayer/tikz/librarie
s/tikzlibraryshapes.code.tex
File: tikzlibraryshapes.code.tex 2008/01/09 v3.0.1a (rcs-revision 1.1)

(/usr/local/texlive/2015/texmf-dist/tex/generic/pgf/frontendlayer/tikz/librarie
s/tikzlibraryshapes.geometric.code.tex
File: tikzlibraryshapes.geometric.code.tex 2008/01/09 v3.0.1a (rcs-revision 1.1
)

(/usr/local/texlive/2015/texmf-dist/tex/generic/pgf/libraries/shapes/pgflibrary
shapes.geometric.code.tex
File: pgflibraryshapes.geometric.code.tex 2008/06/26 v3.0.1a (rcs-revision 1.1)

))
(/usr/local/texlive/2015/texmf-dist/tex/generic/pgf/frontendlayer/tikz/librarie
s/tikzlibraryshapes.misc.code.tex
File: tikzlibraryshapes.misc.code.tex 2008/01/09 v3.0.1a (rcs-revision 1.1)

(/usr/local/texlive/2015/texmf-dist/tex/generic/pgf/libraries/shapes/pgflibrary
shapes.misc.code.tex
File: pgflibraryshapes.misc.code.tex 2013/07/18 v3.0.1a (rcs-revision 1.5)
))
(/usr/local/texlive/2015/texmf-dist/tex/generic/pgf/frontendlayer/tikz/librarie
s/tikzlibraryshapes.symbols.code.tex
File: tikzlibraryshapes.symbols.code.tex 2008/01/09 v3.0.1a (rcs-revision 1.1)

(/usr/local/texlive/2015/texmf-dist/tex/generic/pgf/libraries/shapes/pgflibrary
shapes.symbols.code.tex
File: pgflibraryshapes.symbols.code.tex 2013/09/11 v3.0.1a (rcs-revision 1.6)
))
(/usr/local/texlive/2015/texmf-dist/tex/generic/pgf/frontendlayer/tikz/librarie
s/tikzlibraryshapes.arrows.code.tex
File: tikzlibraryshapes.arrows.code.tex 2008/01/09 v3.0.1a (rcs-revision 1.1)

(/usr/local/texlive/2015/texmf-dist/tex/generic/pgf/libraries/shapes/pgflibrary
shapes.arrows.code.tex
File: pgflibraryshapes.arrows.code.tex 2008/06/26 v3.0.1a (rcs-revision 1.1)
))
(/usr/local/texlive/2015/texmf-dist/tex/generic/pgf/frontendlayer/tikz/librarie
s/tikzlibraryshapes.callouts.code.tex
(/usr/local/texlive/2015/texmf-dist/tex/generic/pgf/libraries/shapes/pgflibrary
shapes.callouts.code.tex))
(/usr/local/texlive/2015/texmf-dist/tex/generic/pgf/frontendlayer/tikz/librarie
s/tikzlibraryshapes.multipart.code.tex
File: tikzlibraryshapes.multipart.code.tex 2008/01/09 v3.0.1a (rcs-revision 1.1
)

(/usr/local/texlive/2015/texmf-dist/tex/generic/pgf/libraries/shapes/pgflibrary
shapes.multipart.code.tex
File: pgflibraryshapes.multipart.code.tex 2010/01/07 v3.0.1a (rcs-revision 1.2)

\pgfnodepartlowerbox=\box42
\pgfnodeparttwobox=\box43
\pgfnodepartthreebox=\box44
\pgfnodepartfourbox=\box45
\pgfnodeparttwentybox=\box46
\pgfnodepartnineteenbox=\box47
\pgfnodeparteighteenbox=\box48
\pgfnodepartseventeenbox=\box49
\pgfnodepartsixteenbox=\box50
\pgfnodepartfifteenbox=\box51
\pgfnodepartfourteenbox=\box52
\pgfnodepartthirteenbox=\box53
\pgfnodeparttwelvebox=\box54
\pgfnodepartelevenbox=\box55
\pgfnodeparttenbox=\box56
\pgfnodepartninebox=\box57
\pgfnodeparteightbox=\box58
\pgfnodepartsevenbox=\box59
\pgfnodepartsixbox=\box60
\pgfnodepartfivebox=\box61
)))
(/usr/local/texlive/2015/texmf-dist/tex/generic/pgf/frontendlayer/tikz/librarie
s/tikzlibraryarrows.code.tex
File: tikzlibraryarrows.code.tex 2008/01/09 v3.0.1a (rcs-revision 1.1)

(/usr/local/texlive/2015/texmf-dist/tex/generic/pgf/libraries/pgflibraryarrows.
code.tex
File: pgflibraryarrows.code.tex 2013/09/23 v3.0.1a (rcs-revision 1.16)
\arrowsize=\dimen184
))
(/usr/local/texlive/2015/texmf-dist/tex/generic/pgf/frontendlayer/tikz/librarie
s/tikzlibrarypositioning.code.tex
File: tikzlibrarypositioning.code.tex 2008/10/06 v3.0.1a (rcs-revision 1.7)
)
(/usr/local/texlive/2015/texmf-dist/tex/latex/makecell/makecell.sty
Package: makecell 2009/08/03 V0.1e Managing of Tab Column Heads and Cells
\rotheadsize=\dimen185
\c@nlinenum=\count138
\TeXr@lab=\toks44
)
(/usr/local/texlive/2015/texmf-dist/tex/latex/algorithms/algorithm.sty
Package: algorithm 2009/08/24 v0.1 Document Style `algorithm' - floating enviro
nment

(/usr/local/texlive/2015/texmf-dist/tex/latex/base/ifthen.sty
Package: ifthen 2014/09/29 v1.1c Standard LaTeX ifthen package (DPC)
)
\@float@every@algorithm=\toks45
\c@algorithm=\count139
)
(/usr/local/texlive/2015/texmf-dist/tex/latex/algorithmicx/algpseudocode.sty
Package: algpseudocode 

(/usr/local/texlive/2015/texmf-dist/tex/latex/algorithmicx/algorithmicx.sty
Package: algorithmicx 2005/04/27 v1.2 Algorithmicx

Document Style algorithmicx 1.2 - a greatly improved `algorithmic' style
\c@ALG@line=\count140
\c@ALG@rem=\count141
\c@ALG@nested=\count142
\ALG@tlm=\skip66
\ALG@thistlm=\skip67
\c@ALG@Lnr=\count143
\c@ALG@blocknr=\count144
\c@ALG@storecount=\count145
\c@ALG@tmpcounter=\count146
\ALG@tmplength=\skip68
)
Document Style - pseudocode environments for use with the `algorithmicx' style
) (/usr/local/texlive/2015/texmf-dist/tex/latex/caption/subcaption.sty
Package: subcaption 2015/09/15 v1.1-100 Sub-captions (AR)

(/usr/local/texlive/2015/texmf-dist/tex/latex/caption/caption.sty
Package: caption 2015/09/17 v3.3-111 Customizing captions (AR)

(/usr/local/texlive/2015/texmf-dist/tex/latex/caption/caption3.sty
Package: caption3 2015/09/20 v1.7-115 caption3 kernel (AR)
Package caption3 Info: TeX engine: e-TeX on input line 57.
\captionmargin=\dimen186
\captionmargin@=\dimen187
\captionwidth=\dimen188
\caption@tempdima=\dimen189
\caption@indent=\dimen190
\caption@parindent=\dimen191
\caption@hangindent=\dimen192
)
Package caption Info: AMS or SMF document class.
\c@ContinuedFloat=\count147
Package caption Info: float package is loaded.
Package caption Info: hyperref package is loaded.
)
\c@subfigure=\count148
\c@subtable=\count149
)
(/usr/local/texlive/2015/texmf-dist/tex/latex/graphics/epsfig.sty
Package: epsfig 1999/02/16 v1.7a (e)psfig emulation (SPQR)
\epsfxsize=\dimen193
\epsfysize=\dimen194
)
(/usr/local/texlive/2015/texmf-dist/tex/latex/eepic/epic.sty
Enhancements to Picture Environment. Version 1.2 - Released June 1, 1986
\@@multicnt=\count150
\d@lta=\count151
\@delta=\dimen195
\@@delta=\dimen196
\@gridcnt=\count152
\@joinkind=\count153
\@dotgap=\dimen197
\@ddotgap=\dimen198
\@x@diff=\count154
\@y@diff=\count155
\x@diff=\dimen256
\y@diff=\dimen257
\@dotbox=\box62
\num@segments=\count156
\num@segmentsi=\count157
\@datafile=\read2
) (/usr/local/texlive/2015/texmf-dist/tex/latex/eepic/eepic.sty
Extension to Epic and LaTeX. Version 1.1e - Released Dec 21, 1999
\@gphlinewidth=\count158
\@eepictcnt=\count159
\@tempdimc=\dimen258
\maxovaldiam=\dimen259
\@filltype=\box63
) (/usr/local/texlive/2015/texmf-dist/tex/latex/cite/cite.sty
LaTeX Info: Redefining \cite on input line 302.
LaTeX Info: Redefining \nocite on input line 332.
Package: cite 2015/02/27  v 5.5
)
\c@thm=\count160
\c@theorem=\count161
)
(./will_wright_dissertation.aux)
\openout1 = `will_wright_dissertation.aux'.

LaTeX Font Info:    Checking defaults for OML/cmm/m/it on input line 23.
LaTeX Font Info:    ... okay on input line 23.
LaTeX Font Info:    Checking defaults for T1/cmr/m/n on input line 23.
LaTeX Font Info:    ... okay on input line 23.
LaTeX Font Info:    Checking defaults for OT1/cmr/m/n on input line 23.
LaTeX Font Info:    ... okay on input line 23.
LaTeX Font Info:    Checking defaults for OMS/cmsy/m/n on input line 23.
LaTeX Font Info:    ... okay on input line 23.
LaTeX Font Info:    Checking defaults for OMX/cmex/m/n on input line 23.
LaTeX Font Info:    ... okay on input line 23.
LaTeX Font Info:    Checking defaults for U/cmr/m/n on input line 23.
LaTeX Font Info:    ... okay on input line 23.
LaTeX Font Info:    Checking defaults for PD1/pdf/m/n on input line 23.
LaTeX Font Info:    ... okay on input line 23.
LaTeX Font Info:    Try loading font information for U+msa on input line 23.

(/usr/local/texlive/2015/texmf-dist/tex/latex/amsfonts/umsa.fd
File: umsa.fd 2013/01/14 v3.01 AMS symbols A
)
LaTeX Font Info:    Try loading font information for U+msb on input line 23.

(/usr/local/texlive/2015/texmf-dist/tex/latex/amsfonts/umsb.fd
File: umsb.fd 2013/01/14 v3.01 AMS symbols B
)
*geometry* driver: auto-detecting
*geometry* detected driver: pdftex
*geometry* verbose mode - [ preamble ] result:
* driver: pdftex
* paper: <default>
* layout: <same size as paper>
* layoutoffset:(h,v)=(0.0pt,0.0pt)
* modes: includehead includefoot 
* h-part:(L,W,R)=(72.26999pt, 469.75502pt, 72.26999pt)
* v-part:(T,H,B)=(72.26999pt, 650.43001pt, 72.26999pt)
* \paperwidth=614.295pt
* \paperheight=794.96999pt
* \textwidth=469.75502pt
* \textheight=610.43001pt
* \oddsidemargin=0.0pt
* \evensidemargin=0.0pt
* \topmargin=0.0pt
* \headheight=13.0pt
* \headsep=23.135pt
* \topskip=10.0pt
* \footskip=18.0pt
* \marginparwidth=90.0pt
* \marginparsep=11.0pt
* \columnsep=10.0pt
* \skip\footins=7.0pt plus 11.0pt
* \hoffset=0.0pt
* \voffset=0.0pt
* \mag=1000
* \@twocolumnfalse
* \@twosidefalse
* \@mparswitchfalse
* \@reversemarginfalse
* (1in=72.27pt=25.4mm, 1cm=28.453pt)

\AtBeginShipoutBox=\box64
Package hyperref Info: Link coloring OFF on input line 23.
(/usr/local/texlive/2015/texmf-dist/tex/latex/hyperref/nameref.sty
Package: nameref 2012/10/27 v2.43 Cross-referencing by name of section

(/usr/local/texlive/2015/texmf-dist/tex/generic/oberdiek/gettitlestring.sty
Package: gettitlestring 2010/12/03 v1.4 Cleanup title references (HO)
)
\c@section@level=\count162
)
LaTeX Info: Redefining \ref on input line 23.
LaTeX Info: Redefining \pageref on input line 23.
LaTeX Info: Redefining \nameref on input line 23.

(./will_wright_dissertation.out) (./will_wright_dissertation.out)
\@outlinefile=\write4
\openout4 = `will_wright_dissertation.out'.


(/usr/local/texlive/2015/texmf-dist/tex/context/base/supp-pdf.mkii
[Loading MPS to PDF converter (version 2006.09.02).]
\scratchcounter=\count163
\scratchdimen=\dimen260
\scratchbox=\box65
\nofMPsegments=\count164
\nofMParguments=\count165
\everyMPshowfont=\toks46
\MPscratchCnt=\count166
\MPscratchDim=\dimen261
\MPnumerator=\count167
\makeMPintoPDFobject=\count168
\everyMPtoPDFconversion=\toks47
) (/usr/local/texlive/2015/texmf-dist/tex/latex/oberdiek/epstopdf-base.sty
Package: epstopdf-base 2010/02/09 v2.5 Base part for package epstopdf

(/usr/local/texlive/2015/texmf-dist/tex/latex/oberdiek/grfext.sty
Package: grfext 2010/08/19 v1.1 Manage graphics extensions (HO)
)
Package grfext Info: Graphics extension search list:
(grfext)             [.png,.pdf,.jpg,.mps,.jpeg,.jbig2,.jb2,.PNG,.PDF,.JPG,.JPE
G,.JBIG2,.JB2,.eps]
(grfext)             \AppendGraphicsExtensions on input line 452.

(/usr/local/texlive/2015/texmf-dist/tex/latex/latexconfig/epstopdf-sys.cfg
File: epstopdf-sys.cfg 2010/07/13 v1.3 Configuration of (r)epstopdf for TeX Liv
e
))
ABD: EveryShipout initializing macros
Package caption Info: Begin \AtBeginDocument code.
Package caption Info: End \AtBeginDocument code.
 (./TitlePage.tex) [1


{/usr/local/texlive/2015/texmf-var/fonts/map/pdftex/updmap/pdftex.map}]
LaTeX Font Info:    Try loading font information for OMS+cmr on input line 43.

(/usr/local/texlive/2015/texmf-dist/tex/latex/base/omscmr.fd
File: omscmr.fd 2014/09/29 v2.5h Standard LaTeX font definitions
)
LaTeX Font Info:    Font shape `OMS/cmr/m/n' in size <10.95> not available
(Font)              Font shape `OMS/cmsy/m/n' tried instead on input line 43.
 [0


] [2]
Contents
(./will_wright_dissertation.toc [3


])
\tf@toc=\write5
\openout5 = `will_wright_dissertation.toc'.

 [4] (./Abstract.tex) [5]
(./Acknowledgments.tex) [6] (./Introduction.tex
Chapter 1
[1




]
Overfull \hbox (9.72601pt too wide) in paragraph at lines 47--48
[]\OT1/cmr/m/n/10.95 CDI is a method for re-con-struct-ing $2$- or $3$-dimensio
nal nano-structures (e.g., nan-otubes, nanocrys-
 []

<phase_retrieval_depiction_mod.jpg, id=296, 526.96875pt x 333.245pt>
File: phase_retrieval_depiction_mod.jpg Graphic file (type jpg)

<use phase_retrieval_depiction_mod.jpg>
Package pdftex.def Info: phase_retrieval_depiction_mod.jpg used on input line 5
1.
(pdftex.def)             Requested size: 352.31625pt x 222.81026pt.
 [2]
Underfull \vbox (badness 3769) has occurred while \output is active []

 [3 <./phase_retrieval_depiction_mod.jpg>]
<parrot_signal_iterates.png, id=342, 978.65625pt x 173.64874pt>
File: parrot_signal_iterates.png Graphic file (type png)

<use parrot_signal_iterates.png>
Package pdftex.def Info: parrot_signal_iterates.png used on input line 98.
(pdftex.def)             Requested size: 587.19829pt x 104.19005pt.
 [4 <./parrot_signal_iterates.png (PNG copy)>]
Underfull \vbox (badness 10000) has occurred while \output is active []

 [5]
Underfull \vbox (badness 5036) has occurred while \output is active []

 [6]
Underfull \vbox (badness 10000) has occurred while \output is active []

 [7]
Underfull \vbox (badness 10000) has occurred while \output is active []

 [8]
Underfull \vbox (badness 10000) has occurred while \output is active []

 [9])
(./ch2_noisy_phase_retrieval.tex [10]
Chapter 2
[11


]
Package hyperref Info: bookmark level for unknown algorithm defaults to 0 on in
put line 60.
 [12]
Overfull \hbox (4.39432pt too wide) in paragraph at lines 108--109
 [][] 
 []

[13] [14] [15]
Underfull \vbox (badness 10000) has occurred while \output is active []

 [16]
[17]
Underfull \vbox (badness 4981) has occurred while \output is active []

 [18]
Underfull \vbox (badness 10000) has occurred while \output is active []

 [19]
[20] [21]
Underfull \vbox (badness 10000) has occurred while \output is active []

 [22]
[23] [24]) (./ch3_gauge_duality.tex [25]
Chapter 3

Underfull \vbox (badness 10000) has occurred while \output is active []

 [26


]
[27]
Underfull \vbox (badness 10000) has occurred while \output is active []

 [28]
Underfull \vbox (badness 10000) has occurred while \output is active []

 [29]
Underfull \vbox (badness 10000) has occurred while \output is active []

 [30]
Underfull \vbox (badness 10000) has occurred while \output is active []

 [31]
[32] [33]
Underfull \vbox (badness 10000) has occurred while \output is active []

 [34]
Overfull \hbox (4.62978pt too wide) in paragraph at lines 398--399
[][][]\OT1/cmr/m/sc/10.95 Proposition \OT1/cmr/m/n/10.95 3.3.4\OT1/cmr/m/sc/10.
95 . []\OT1/cmr/m/it/10.95 Let $\OML/cmm/m/it/10.95 ^^T[]$ \OT1/cmr/m/it/10.95 
and $\OML/cmm/m/it/10.95 ^^T[]$ \OT1/cmr/m/it/10.95 be gauges. Let $\OML/cmm/m/
it/10.95 ^^T\OT1/cmr/m/n/10.95 (\OML/cmm/m/it/10.95 x[]; x[]\OT1/cmr/m/n/10.95 
) = \OML/cmm/m/it/10.95 ^^T[]\OT1/cmr/m/n/10.95 (\OML/cmm/m/it/10.95 x[]\OT1/cm
r/m/n/10.95 ) + \OML/cmm/m/it/10.95 ^^T[]\OT1/cmr/m/n/10.95 (\OML/cmm/m/it/10.9
5 x[]\OT1/cmr/m/n/10.95 )$\OT1/cmr/m/it/10.95 , $\OMS/cmsy/m/n/10.95 C[] \OT1/c
mr/m/n/10.95 = \OMS/cmsy/m/n/10.95 f\OML/cmm/m/it/10.95 z[] \OMS/cmsy/m/n/10.95
 j \OML/cmm/m/it/10.95 ^^T[]\OT1/cmr/m/n/10.95 (\OML/cmm/m/it/10.95 z[]\OT1/cmr
/m/n/10.95 ) \OMS/cmsy/m/n/10.95 ^^T
 []

[35]
Underfull \vbox (badness 10000) has occurred while \output is active []

 [36]
Underfull \vbox (badness 3449) has occurred while \output is active []

 [37]
Underfull \vbox (badness 4205) has occurred while \output is active []

 [38]
Underfull \vbox (badness 10000) has occurred while \output is active []

 [39]
[40]
Underfull \vbox (badness 10000) has occurred while \output is active []

 [41]
Underfull \vbox (badness 10000) has occurred while \output is active []

 [42]
Underfull \vbox (badness 10000) has occurred while \output is active []

 [43]
[44]
Underfull \vbox (badness 10000) has occurred while \output is active []

 [45]
Underfull \vbox (badness 2103) has occurred while \output is active []

 [46]
Underfull \vbox (badness 10000) has occurred while \output is active []

 [47])
(./ch4_PLGD_algorithm.tex [48]
Chapter 4

Underfull \vbox (badness 2409) has occurred while \output is active []

 [49


]
Underfull \vbox (badness 10000) has occurred while \output is active []

 [50]
Underfull \vbox (badness 10000) has occurred while \output is active []

 [51]
Underfull \vbox (badness 10000) has occurred while \output is active []

 [52]
Underfull \vbox (badness 10000) has occurred while \output is active []

 [53]
Underfull \vbox (badness 10000) has occurred while \output is active []

 [54]
[55]
Underfull \vbox (badness 10000) has occurred while \output is active []

 [56]
Underfull \vbox (badness 10000) has occurred while \output is active []

 [57]
[58]) (./ch5_new_term_conds.tex [59]
Chapter 5
[60


]
Underfull \vbox (badness 10000) has occurred while \output is active []

 [61]
Underfull \vbox (badness 10000) has occurred while \output is active []

 [62]
Underfull \vbox (badness 10000) has occurred while \output is active []

 [63]
Underfull \vbox (badness 10000) has occurred while \output is active []

 [64]
[65]
<noisy_random_signal_relative_errors_stagnate.png, id=1444, 869.2475pt x 182.68
25pt>
File: noisy_random_signal_relative_errors_stagnate.png Graphic file (type png)
 <use noisy_random_signal_relative_errors_stagnate.png>
Package pdftex.def Info: noisy_random_signal_relative_errors_stagnate.png used 
on input line 270.
(pdftex.def)             Requested size: 521.55252pt x 109.61034pt.

Overfull \hbox (51.7975pt too wide) in paragraph at lines 270--271
 [] 
 []


Underfull \vbox (badness 1281) has occurred while \output is active []

 [66 <./noisy_random_signal_relative_errors_stagnate.png (PNG copy)>] [67]
<noisy_random_signal_DFP_vs_no_DFP.png, id=1512, 866.23625pt x 187.70125pt>
File: noisy_random_signal_DFP_vs_no_DFP.png Graphic file (type png)

<use noisy_random_signal_DFP_vs_no_DFP.png>
Package pdftex.def Info: noisy_random_signal_DFP_vs_no_DFP.png used on input li
ne 342.
(pdftex.def)             Requested size: 519.74577pt x 112.62161pt.

Underfull \vbox (badness 10000) has occurred while \output is active []

 [68 <./noisy_random_signal_DFP_vs_no_DFP.png (PNG copy)>] [69]
<term_crit-signal_err.png, id=1553, 884.30376pt x 504.88625pt>
File: term_crit-signal_err.png Graphic file (type png)

<use term_crit-signal_err.png>
Package pdftex.def Info: term_crit-signal_err.png used on input line 397.
(pdftex.def)             Requested size: 530.58635pt x 302.93407pt.

Underfull \vbox (badness 1430) has occurred while \output is active []

 [70 <./term_crit-signal_err.png (PNG copy)>]
<term_crit-pr_and_dual.png, id=1591, 884.30376pt x 754.82pt>
File: term_crit-pr_and_dual.png Graphic file (type png)

<use term_crit-pr_and_dual.png>
Package pdftex.def Info: term_crit-pr_and_dual.png used on input line 471.
(pdftex.def)             Requested size: 530.58635pt x 452.89551pt.
 [71] [72 <./term_crit-pr_and_dual.png (PNG copy)>] <term_crit-duality_gap.png,
 id=1629, 860.21375pt x 432.61626pt>
File: term_crit-duality_gap.png Graphic file (type png)

<use term_crit-duality_gap.png>
Package pdftex.def Info: term_crit-duality_gap.png used on input line 498.
(pdftex.def)             Requested size: 516.13223pt x 259.57176pt.

Underfull \vbox (badness 10000) has occurred while \output is active []

 [73]
<term_crit-model_term_for_tols.png, id=1648, 884.30376pt x 505.89pt>
File: term_crit-model_term_for_tols.png Graphic file (type png)

<use term_crit-model_term_for_tols.png>
Package pdftex.def Info: term_crit-model_term_for_tols.png used on input line 5
20.
(pdftex.def)             Requested size: 530.58635pt x 303.53633pt.

Underfull \vbox (badness 10000) has occurred while \output is active []

 [74 <./term_crit-duality_gap.png (PNG copy)>]) (./ch6_eig_methods.tex [75 <./t
erm_crit-model_term_for_tols.png (PNG copy)>]
Chapter 6

Underfull \vbox (badness 10000) has occurred while \output is active []

 [76


]
[77]
Underfull \vbox (badness 10000) has occurred while \output is active []

 [78]
<EMEP_costs_num_mat_vecs.png, id=1748, 884.30376pt x 400.49625pt>
File: EMEP_costs_num_mat_vecs.png Graphic file (type png)

<use EMEP_costs_num_mat_vecs.png>
Package pdftex.def Info: EMEP_costs_num_mat_vecs.png used on input line 158.
(pdftex.def)             Requested size: 530.58635pt x 240.29959pt.

Underfull \vbox (badness 10000) has occurred while \output is active []

 [79]
<EMEP_full_spectrum.png, id=1765, 874.26625pt x 483.8075pt>
File: EMEP_full_spectrum.png Graphic file (type png)

<use EMEP_full_spectrum.png>
Package pdftex.def Info: EMEP_full_spectrum.png used on input line 183.
(pdftex.def)             Requested size: 524.5638pt x 290.28674pt.

Underfull \vbox (badness 10000) has occurred while \output is active []

 [80 <./EMEP_costs_num_mat_vecs.png (PNG copy)>]
<EMEP_largest_eigvals.png, id=1783, 873.2625pt x 440.64626pt>
File: EMEP_largest_eigvals.png Graphic file (type png)

<use EMEP_largest_eigvals.png>
Package pdftex.def Info: EMEP_largest_eigvals.png used on input line 204.
(pdftex.def)             Requested size: 523.96153pt x 264.38979pt.

Underfull \vbox (badness 10000) has occurred while \output is active []

 [81 <./EMEP_full_spectrum.png (PNG copy)>]
Underfull \vbox (badness 1997) has occurred while \output is active []

 [82 <./EMEP_largest_eigvals.png (PNG copy)>] [83] [84]
Underfull \vbox (badness 10000) has occurred while \output is active []

 [85]
[86] [87] [88]
Underfull \vbox (badness 10000) has occurred while \output is active []

 [89]
[90]
Underfull \vbox (badness 10000) has occurred while \output is active []

 [91]
Underfull \vbox (badness 1442) has occurred while \output is active []

 [92]
<Numerics-num_matvecs_orig_vs_optimal_params_1.png, id=1999, 746.79pt x 422.578
75pt>
File: Numerics-num_matvecs_orig_vs_optimal_params_1.png Graphic file (type png)

 <use Numerics-num_matvecs_orig_vs_optimal_params_1.png>
Package pdftex.def Info: Numerics-num_matvecs_orig_vs_optimal_params_1.png used
 on input line 657.
(pdftex.def)             Requested size: 448.07745pt x 253.5492pt.

<Numerics-num_matvecs_orig_vs_optimal_params_2.png, id=2000, 825.0825pt x 198.7
425pt>
File: Numerics-num_matvecs_orig_vs_optimal_params_2.png Graphic file (type png)

 <use Numerics-num_matvecs_orig_vs_optimal_params_2.png>
Package pdftex.def Info: Numerics-num_matvecs_orig_vs_optimal_params_2.png used
 on input line 658.
(pdftex.def)             Requested size: 495.05333pt x 119.24641pt.
 [93]
Underfull \vbox (badness 10000) has occurred while \output is active []

 [94 <./Numerics-num_matvecs_orig_vs_optimal_params_1.png (PNG copy)> <./Numeri
cs-num_matvecs_orig_vs_optimal_params_2.png (PNG copy)>]
Underfull \vbox (badness 10000) has occurred while \output is active []

 [95]
Underfull \vbox (badness 10000) has occurred while \output is active []

 [96]
Underfull \vbox (badness 10000) has occurred while \output is active []

 [97]
<Numerics-num_eigs_ada_vs_opt_1.png, id=2061, 861.2175pt x 312.16624pt>
File: Numerics-num_eigs_ada_vs_opt_1.png Graphic file (type png)

<use Numerics-num_eigs_ada_vs_opt_1.png>
Package pdftex.def Info: Numerics-num_eigs_ada_vs_opt_1.png used on input line 
819.
(pdftex.def)             Requested size: 516.73448pt x 187.3012pt.

Underfull \vbox (badness 2057) has occurred while \output is active []

 [98 <./Numerics-num_eigs_ada_vs_opt_1.png (PNG copy)>]
<Numerics-num_eigs_req_ada_2_exps.png, id=2091, 865.2325pt x 246.9225pt>
File: Numerics-num_eigs_req_ada_2_exps.png Graphic file (type png)

<use Numerics-num_eigs_req_ada_2_exps.png>
Package pdftex.def Info: Numerics-num_eigs_req_ada_2_exps.png used on input lin
e 860.
(pdftex.def)             Requested size: 519.14351pt x 148.15462pt.
 [99 <./Numerics-num_eigs_req_ada_2_exps.png (PNG copy)>]
<Numerics-surf_num_mvs_and_eig_diffs_1.png, id=2119, 678.535pt x 705.63625pt>
File: Numerics-surf_num_mvs_and_eig_diffs_1.png Graphic file (type png)

<use Numerics-surf_num_mvs_and_eig_diffs_1.png>
Package pdftex.def Info: Numerics-surf_num_mvs_and_eig_diffs_1.png used on inpu
t line 896.
(pdftex.def)             Requested size: 452.34865pt x 470.41583pt.

Underfull \vbox (badness 10000) has occurred while \output is active []

 [100]
<Numerics-surf_num_mvs_and_eig_diffs_2.png, id=2136, 677.53125pt x 707.64375pt>
File: Numerics-surf_num_mvs_and_eig_diffs_2.png Graphic file (type png)
<use Numerics-surf_num_mvs_and_eig_diffs_2.png>
Package pdftex.def Info: Numerics-surf_num_mvs_and_eig_diffs_2.png used on inpu
t line 906.
(pdftex.def)             Requested size: 451.67949pt x 471.75415pt.

Underfull \vbox (badness 10000) has occurred while \output is active []

 [101 <./Numerics-surf_num_mvs_and_eig_diffs_1.png (PNG copy)>] [102 <./Numeric
s-surf_num_mvs_and_eig_diffs_2.png (PNG copy)>]
Underfull \vbox (badness 10000) has occurred while \output is active []

 [103]
<Numerics-surf_mvs_for_m_vs_j_1.png, id=2189, 350.30875pt x 356.33125pt>
File: Numerics-surf_mvs_for_m_vs_j_1.png Graphic file (type png)

<use Numerics-surf_mvs_for_m_vs_j_1.png>
Package pdftex.def Info: Numerics-surf_mvs_for_m_vs_j_1.png used on input line 
961.
(pdftex.def)             Requested size: 210.18686pt x 213.80038pt.

<Numerics-surf_mvs_for_m_vs_j_2.png, id=2190, 351.3125pt x 355.3275pt>
File: Numerics-surf_mvs_for_m_vs_j_2.png Graphic file (type png)

<use Numerics-surf_mvs_for_m_vs_j_2.png>
Package pdftex.def Info: Numerics-surf_mvs_for_m_vs_j_2.png used on input line 
963.
(pdftex.def)             Requested size: 210.78911pt x 213.19814pt.
 [104 <./Numerics-surf_mvs_for_m_vs_j_1.png (PNG copy)> <./Numerics-surf_mvs_fo
r_m_vs_j_2.png (PNG copy)>])
(./ch7_numerics.tex [105]
Chapter 7

Package hyperref Warning: Token not allowed in a PDF string (PDFDocEncoding):
(hyperref)                removing `\\' on input line 1.

[106


]
Underfull \vbox (badness 10000) has occurred while \output is active []

 [107]
Underfull \vbox (badness 10000) has occurred while \output is active []

 [108]
<Numerics-ada_vs_orig_various_params.png, id=2287, 860.21375pt x 238.8925pt>
File: Numerics-ada_vs_orig_various_params.png Graphic file (type png)

<use Numerics-ada_vs_orig_various_params.png>
Package pdftex.def Info: Numerics-ada_vs_orig_various_params.png used on input 
line 122.
(pdftex.def)             Requested size: 516.13223pt x 143.3366pt.
 [109 <./Numerics-ada_vs_orig_various_params.png (PNG copy)>] <jul_and_me_orig.
png, id=2322, 240.9pt x 240.9pt>
File: jul_and_me_orig.png Graphic file (type png)

<use jul_and_me_orig.png>
Package pdftex.def Info: jul_and_me_orig.png used on input line 183.
(pdftex.def)             Requested size: 112.92159pt x 112.92159pt.
 <UCD_orig.png, id=2323, 602.25pt x 200.75pt>
File: UCD_orig.png Graphic file (type png)

<use UCD_orig.png>
Package pdftex.def Info: UCD_orig.png used on input line 185.
(pdftex.def)             Requested size: 338.76479pt x 112.92159pt.
 <jul_and_me_L_15_ada40.png, id=2324, 240.9pt x 240.9pt>
File: jul_and_me_L_15_ada40.png Graphic file (type png)

<use jul_and_me_L_15_ada40.png>
Package pdftex.def Info: jul_and_me_L_15_ada40.png used on input line 188.
(pdftex.def)             Requested size: 112.92159pt x 112.92159pt.

<UCD_L_15_ada40.png, id=2325, 602.25pt x 200.75pt>
File: UCD_L_15_ada40.png Graphic file (type png)
 <use UCD_L_15_ada40.png>
Package pdftex.def Info: UCD_L_15_ada40.png used on input line 190.
(pdftex.def)             Requested size: 338.76479pt x 112.92159pt.

Underfull \vbox (badness 10000) has occurred while \output is active []

 [110]
Underfull \vbox (badness 1902) has occurred while \output is active []

 [111 <./jul_and_me_orig.png (PNG copy)> <./UCD_orig.png (PNG copy)> <./jul_and
_me_L_15_ada40.png (PNG copy)> <./UCD_L_15_ada40.png (PNG copy)>]
<Numerics-num_eigs_ada_vs_opt_1_IGDD.png, id=2356, 863.225pt x 329.23pt>
File: Numerics-num_eigs_ada_vs_opt_1_IGDD.png Graphic file (type png)

<use Numerics-num_eigs_ada_vs_opt_1_IGDD.png>
Package pdftex.def Info: Numerics-num_eigs_ada_vs_opt_1_IGDD.png used on input 
line 255.
(pdftex.def)             Requested size: 517.939pt x 197.53952pt.

<Numerics-num_eigs_ada_vs_opt_2_IGDD.png, id=2357, 861.2175pt x 203.76125pt>
File: Numerics-num_eigs_ada_vs_opt_2_IGDD.png Graphic file (type png)

<use Numerics-num_eigs_ada_vs_opt_2_IGDD.png>
Package pdftex.def Info: Numerics-num_eigs_ada_vs_opt_2_IGDD.png used on input 
line 256.
(pdftex.def)             Requested size: 516.73448pt x 122.25768pt.

Underfull \vbox (badness 10000) has occurred while \output is active []

 [112]
Underfull \vbox (badness 10000) has occurred while \output is active []

 [113 <./Numerics-num_eigs_ada_vs_opt_1_IGDD.png (PNG copy)> <./Numerics-num_ei
gs_ada_vs_opt_2_IGDD.png (PNG copy)>]
<Numerics-num_matvecs_ada_for_m_vals.png, id=2394, 855.195pt x 563.10374pt>
File: Numerics-num_matvecs_ada_for_m_vals.png Graphic file (type png)

<use Numerics-num_matvecs_ada_for_m_vals.png>
Package pdftex.def Info: Numerics-num_matvecs_ada_for_m_vals.png used on input 
line 313.
(pdftex.def)             Requested size: 513.12097pt x 337.86485pt.

Underfull \vbox (badness 1577) has occurred while \output is active []

 [114])
(./ch8_conclusion.tex [115 <./Numerics-num_matvecs_ada_for_m_vals.png (PNG copy
)>]
Chapter 8
[116


]
Underfull \vbox (badness 5036) has occurred while \output is active []

 [117])
(./Appx-A_proof_of_PL1_gauge_duality.tex [118]
Appendix A

Package hyperref Warning: Token not allowed in a PDF string (PDFDocEncoding):
(hyperref)                removing `\\' on input line 1.


Underfull \vbox (badness 10000) has occurred while \output is active []

 [119


]
Underfull \vbox (badness 10000) has occurred while \output is active []

 [120]
Underfull \vbox (badness 3769) has occurred while \output is active []

 [121]
Underfull \vbox (badness 2762) has occurred while \output is active []

 [122]
[123]
File: parrot_signal_iterates.png Graphic file (type png)
 <use parrot_signal_iterates.png>
Package pdftex.def Info: parrot_signal_iterates.png used on input line 209.
(pdftex.def)             Requested size: 538.2626pt x 95.5071pt.

<parrot_signal_relative_error_2.png, id=2577, 925.4575pt x 206.7725pt>
File: parrot_signal_relative_error_2.png Graphic file (type png)

<use parrot_signal_relative_error_2.png>
Package pdftex.def Info: parrot_signal_relative_error_2.png used on input line 
210.
(pdftex.def)             Requested size: 555.2788pt x 124.06445pt.
) (./Appx-B_further_justification.tex
[124 <./parrot_signal_relative_error_2.png (PNG copy)>]
Appendix B
<term_crit-pr_err_fails.png, id=2605, 854.19125pt x 200.75pt>
File: term_crit-pr_err_fails.png Graphic file (type png)

<use term_crit-pr_err_fails.png>
Package pdftex.def Info: term_crit-pr_err_fails.png used on input line 21.
(pdftex.def)             Requested size: 512.5187pt x 120.45091pt.

Underfull \vbox (badness 10000) has occurred while \output is active []

 [125


]
[126 <./term_crit-pr_err_fails.png (PNG copy)>]
Underfull \vbox (badness 10000) has occurred while \output is active []

 [127]
<term_crit-dual_obj.png, id=2654, 890.32625pt x 392.46625pt>
File: term_crit-dual_obj.png Graphic file (type png)

<use term_crit-dual_obj.png>
Package pdftex.def Info: term_crit-dual_obj.png used on input line 90.
(pdftex.def)             Requested size: 534.19987pt x 235.48155pt.
) [128 <./term_crit-dual_obj.png (PNG copy)>]
(./will_wright_dissertation.bbl
Bibliography

Underfull \vbox (badness 10000) has occurred while \output is active []

 [129




]
Underfull \hbox (badness 1454) in paragraph at lines 109--111
[]\OT1/cmr/m/sc/9 V. Elser, T.-Y. Lan, and T. Ben-dory\OT1/cmr/m/n/9 , \OT1/cmr
/m/it/9 Bench-mark prob-lems for phase re-trieval\OT1/cmr/m/n/9 , arXiv preprin
t
 []


Underfull \vbox (badness 10000) has occurred while \output is active []

 [130]
Underfull \hbox (badness 1062) in paragraph at lines 169--171
[]\OT1/cmr/m/sc/9 X. Jiang, H.-C. So, and X. Liu\OT1/cmr/m/n/9 , \OT1/cmr/m/it/
9 Ro-bust phase re-trieval via ADMM with out-liers\OT1/cmr/m/n/9 , arXiv prepri
nt
 []


Underfull \vbox (badness 10000) has occurred while \output is active []

 [131]
Underfull \vbox (badness 10000) has occurred while \output is active []

 [132])

Package caption Warning: Unused \captionsetup[subfigure] on input line 20.
See the caption package documentation for explanation.

[133]
Package atveryend Info: Empty hook `BeforeClearDocument' on input line 140.
Package atveryend Info: Empty hook `AfterLastShipout' on input line 140.
 (./will_wright_dissertation.aux)
Package atveryend Info: Executing hook `AtVeryEndDocument' on input line 140.
Package atveryend Info: Executing hook `AtEndAfterFileList' on input line 140.
Package rerunfilecheck Info: File `will_wright_dissertation.out' has not change
d.
(rerunfilecheck)             Checksum: 023919312947C3967989928643D124E1;3241.
Package atveryend Info: Empty hook `AtVeryVeryEnd' on input line 140.
 ) 
Here is how much of TeX's memory you used:
 22927 strings out of 493054
 442679 string characters out of 6134760
 553817 words of memory out of 5000000
 25271 multiletter control sequences out of 15000+600000
 15265 words of font info for 57 fonts, out of 8000000 for 9000
 1302 hyphenation exceptions out of 8191
 57i,21n,67p,1358b,888s stack positions out of 5000i,500n,10000p,200000b,80000s
</usr/local/texlive/2015/texmf-dist/fonts/type1/public/amsfonts/cm/cmbx10.pfb
></usr/local/texlive/2015/texmf-dist/fonts/type1/public/amsfonts/cm/cmbx12.pfb>
</usr/local/texlive/2015/texmf-dist/fonts/type1/public/amsfonts/cm/cmbx9.pfb></
usr/local/texlive/2015/texmf-dist/fonts/type1/public/amsfonts/cm/cmcsc10.pfb></
usr/local/texlive/2015/texmf-dist/fonts/type1/public/amsfonts/cm/cmex10.pfb></u
sr/local/texlive/2015/texmf-dist/fonts/type1/public/amsfonts/cm/cmmi10.pfb></us
r/local/texlive/2015/texmf-dist/fonts/type1/public/amsfonts/cm/cmmi6.pfb></usr/
local/texlive/2015/texmf-dist/fonts/type1/public/amsfonts/cm/cmmi8.pfb></usr/lo
cal/texlive/2015/texmf-dist/fonts/type1/public/amsfonts/cm/cmmi9.pfb></usr/loca
l/texlive/2015/texmf-dist/fonts/type1/public/amsfonts/cm/cmr10.pfb></usr/local/
texlive/2015/texmf-dist/fonts/type1/public/amsfonts/cm/cmr6.pfb></usr/local/tex
live/2015/texmf-dist/fonts/type1/public/amsfonts/cm/cmr8.pfb></usr/local/texliv
e/2015/texmf-dist/fonts/type1/public/amsfonts/cm/cmr9.pfb></usr/local/texlive/2
015/texmf-dist/fonts/type1/public/amsfonts/cm/cmsy10.pfb></usr/local/texlive/20
15/texmf-dist/fonts/type1/public/amsfonts/cm/cmsy6.pfb></usr/local/texlive/2015
/texmf-dist/fonts/type1/public/amsfonts/cm/cmsy8.pfb></usr/local/texlive/2015/t
exmf-dist/fonts/type1/public/amsfonts/cm/cmti10.pfb></usr/local/texlive/2015/te
xmf-dist/fonts/type1/public/amsfonts/cm/cmti9.pfb></usr/local/texlive/2015/texm
f-dist/fonts/type1/public/amsfonts/cm/cmtt10.pfb></usr/local/texlive/2015/texmf
-dist/fonts/type1/public/amsfonts/cm/cmtt9.pfb></usr/local/texlive/2015/texmf-d
ist/fonts/type1/public/amsfonts/symbols/msam10.pfb></usr/local/texlive/2015/tex
mf-dist/fonts/type1/public/amsfonts/symbols/msbm10.pfb>
Output written on will_wright_dissertation.pdf (140 pages, 2661751 bytes).
PDF statistics:
 2885 PDF objects out of 2984 (max. 8388607)
 2540 compressed objects within 26 object streams
 535 named destinations out of 1000 (max. 500000)
 499 words of extra memory for PDF output out of 10000 (max. 10000000)

