\BOOKMARK [1][-]{section*.1}{Abstract}{}% 1
\BOOKMARK [1][-]{section*.2}{Acknowledgments}{}% 2
\BOOKMARK [0][-]{chapter.1}{Chapter 1. Introduction}{}% 3
\BOOKMARK [1][-]{section.1.1}{1.1. Phase Retrieval}{chapter.1}% 4
\BOOKMARK [1][-]{section.1.2}{1.2. Applications and Experimental Models}{chapter.1}% 5
\BOOKMARK [1][-]{section.1.3}{1.3. Contributions}{chapter.1}% 6
\BOOKMARK [1][-]{section.1.4}{1.4. Notation}{chapter.1}% 7
\BOOKMARK [0][-]{chapter.2}{Chapter 2. Noisy Phase Retrieval}{}% 8
\BOOKMARK [1][-]{section.2.1}{2.1. Introduction}{chapter.2}% 9
\BOOKMARK [1][-]{section.2.2}{2.2. Alternating Projection Methods}{chapter.2}% 10
\BOOKMARK [1][-]{section.2.3}{2.3. Structured Optimization Methods}{chapter.2}% 11
\BOOKMARK [1][-]{section.2.4}{2.4. Unstructured Optimization Methods}{chapter.2}% 12
\BOOKMARK [0][-]{chapter.3}{Chapter 3. Gauge Duality Theory}{}% 13
\BOOKMARK [1][-]{section.3.1}{3.1. Introduction}{chapter.3}% 14
\BOOKMARK [1][-]{section.3.2}{3.2. Primal-Gauge Dual Models and Background}{chapter.3}% 15
\BOOKMARK [1][-]{section.3.3}{3.3. The Gauge Duality Theorem and Optimality Conditions}{chapter.3}% 16
\BOOKMARK [1][-]{section.3.4}{3.4. Theory Applied to the PLGD Model}{chapter.3}% 17
\BOOKMARK [0][-]{chapter.4}{Chapter 4. The Gauge Dual Descent Algorithm for the PLGD Model}{}% 18
\BOOKMARK [1][-]{section.4.1}{4.1. Introduction}{chapter.4}% 19
\BOOKMARK [1][-]{section.4.2}{4.2. The Gauge Dual Descent Algorithm}{chapter.4}% 20
\BOOKMARK [1][-]{section.4.3}{4.3. Noiseless Phase Retrieval}{chapter.4}% 21
\BOOKMARK [0][-]{chapter.5}{Chapter 5. Algorithm Stagnation for Noisy Phase Retrieval}{}% 22
\BOOKMARK [1][-]{section.5.1}{5.1. Introduction}{chapter.5}% 23
\BOOKMARK [1][-]{section.5.2}{5.2. Experimental Models and Residuals}{chapter.5}% 24
\BOOKMARK [1][-]{section.5.3}{5.3. Algorithm Stagnation}{chapter.5}% 25
\BOOKMARK [1][-]{section.5.4}{5.4. New Termination Conditions}{chapter.5}% 26
\BOOKMARK [0][-]{chapter.6}{Chapter 6. Evolving Matrix Eigenvalue Computation}{}% 27
\BOOKMARK [1][-]{section.6.1}{6.1. Introduction}{chapter.6}% 28
\BOOKMARK [1][-]{section.6.2}{6.2. The Evolving Matrix Eigenvalue Problem}{chapter.6}% 29
\BOOKMARK [1][-]{section.6.3}{6.3. The Implicitly Restarted Arnoldi Method}{chapter.6}% 30
\BOOKMARK [1][-]{section.6.4}{6.4. A New Strategy for the EMEP}{chapter.6}% 31
\BOOKMARK [1][-]{section.6.5}{6.5. Spectrum Distribution and IRAM Behavior}{chapter.6}% 32
\BOOKMARK [0][-]{chapter.7}{Chapter 7. The Improved Gauge Dual Descent Algorithm and Performance Results}{}% 33
\BOOKMARK [1][-]{section.7.1}{7.1. Introduction}{chapter.7}% 34
\BOOKMARK [1][-]{section.7.2}{7.2. The Improved Gauge Dual Descent Algorithm}{chapter.7}% 35
\BOOKMARK [1][-]{section.7.3}{7.3. Performance Results}{chapter.7}% 36
\BOOKMARK [0][-]{chapter.8}{Chapter 8. Conclusion}{}% 37
\BOOKMARK [1][-]{section.8.1}{8.1. Contributions}{chapter.8}% 38
\BOOKMARK [1][-]{section.8.2}{8.2. Future Work}{chapter.8}% 39
\BOOKMARK [0][-]{appendix.A}{Appendix A. A Comparison of PhaseLift-type Models and Phase Retrieval Algorithms}{}% 40
\BOOKMARK [0][-]{appendix.B}{Appendix B. Further Justification of New Termination Conditions in Section 5.4}{}% 41
\BOOKMARK [0][-]{appendix*.43}{Bibliography}{}% 42
