\BOOKMARK [0][-]{chapter.1}{Introduction}{}% 1
\BOOKMARK [1][-]{section.1.1}{Introduction and contributions}{chapter.1}% 2
\BOOKMARK [1][-]{section.1.2}{Notation}{chapter.1}% 3
\BOOKMARK [0][-]{chapter.2}{Noisy phase retrieval: a brief survey of applications and methods}{}% 4
\BOOKMARK [1][-]{section.2.1}{Mathematical model}{chapter.2}% 5
\BOOKMARK [1][-]{section.2.2}{Applications and experimental models}{chapter.2}% 6
\BOOKMARK [1][-]{section.2.3}{Survey of noisy phase retrieval methods}{chapter.2}% 7
\BOOKMARK [2][-]{subsection.2.3.1}{Alternating projection methods}{section.2.3}% 8
\BOOKMARK [2][-]{subsection.2.3.2}{Structured optimization methods}{section.2.3}% 9
\BOOKMARK [2][-]{subsection.2.3.3}{Unstructured optimization methods}{section.2.3}% 10
\BOOKMARK [1][-]{section.2.4}{Justification for optimizing the PLGD model}{chapter.2}% 11
\BOOKMARK [0][-]{chapter.3}{Gauge duality theory and the PhaseLift gauge dual model}{}% 12
\BOOKMARK [1][-]{section.3.1}{Introduction}{chapter.3}% 13
\BOOKMARK [1][-]{section.3.2}{Definitions and primal-dual pairs}{chapter.3}% 14
\BOOKMARK [1][-]{section.3.3}{Theory for linearly and nonlinearly constrained models}{chapter.3}% 15
\BOOKMARK [1][-]{section.3.4}{Optimality conditions and primal recovery for the PLGD model}{chapter.3}% 16
\BOOKMARK [0][-]{chapter.4}{A first-order method for the PLGD model}{}% 17
\BOOKMARK [1][-]{section.4.1}{Introduction}{chapter.4}% 18
\BOOKMARK [1][-]{section.4.2}{Algorithm and implementation details}{chapter.4}% 19
\BOOKMARK [1][-]{section.4.3}{Efficient recovery for noiseless phase retrieval}{chapter.4}% 20
\BOOKMARK [0][-]{chapter.5}{New termination conditions for the first-order PLGD algorithm}{}% 21
\BOOKMARK [1][-]{section.5.1}{Introduction}{chapter.5}% 22
\BOOKMARK [1][-]{section.5.2}{Experimental models and potential residuals}{chapter.5}% 23
\BOOKMARK [1][-]{section.5.3}{Stagnation of the first-order PLGD algorithm}{chapter.5}% 24
\BOOKMARK [1][-]{section.5.4}{New termination conditions}{chapter.5}% 25
\BOOKMARK [0][-]{chapter.6}{The evolving matrix eigenvalue problem}{}% 26
\BOOKMARK [1][-]{section.6.1}{Introduction}{chapter.6}% 27
\BOOKMARK [1][-]{section.6.2}{The EMEP: computational costs and evolving spectrum}{chapter.6}% 28
\BOOKMARK [2][-]{subsection.6.2.1}{The EMEP: definition}{section.6.2}% 29
\BOOKMARK [2][-]{subsection.6.2.2}{The EMEP: computational costs}{section.6.2}% 30
\BOOKMARK [2][-]{subsection.6.2.3}{The EMEP: evolving spectrum and clustering eigenvalues}{section.6.2}% 31
\BOOKMARK [1][-]{section.6.3}{The implicitly restarted Arnoldi method}{chapter.6}% 32
\BOOKMARK [2][-]{subsection.6.3.1}{The power method}{section.6.3}% 33
\BOOKMARK [2][-]{subsection.6.3.2}{The m-step Arnoldi iteration}{section.6.3}% 34
\BOOKMARK [2][-]{subsection.6.3.3}{The p-step shifted QR iteration}{section.6.3}% 35
\BOOKMARK [2][-]{subsection.6.3.4}{The implicitly restarted Arnoldi method}{section.6.3}% 36
\BOOKMARK [0][-]{chapter.7}{A new strategy for the EMEP}{}% 37
\BOOKMARK [1][-]{section.7.1}{Introduction}{chapter.7}% 38
\BOOKMARK [1][-]{section.7.2}{The IRAM with adaptive parameter selection for the EMEP}{chapter.7}% 39
\BOOKMARK [1][-]{section.7.3}{Correlation between EMEP spectrum distribution and behavior of the IRAM}{chapter.7}% 40
\BOOKMARK [2][-]{subsection.7.3.1}{Observed correlation between eigenvalue clustering and IRAM parameter choice}{section.7.3}% 41
\BOOKMARK [2][-]{subsection.7.3.2}{Selecting the default Arnoldi decomposition size for the IRAM with adaptive parameter selection}{section.7.3}% 42
\BOOKMARK [0][-]{chapter.8}{Conclusion}{}% 43
\BOOKMARK [1][-]{section.8.1}{Performance results}{chapter.8}% 44
\BOOKMARK [1][-]{section.8.2}{Contributions and future work}{chapter.8}% 45
\BOOKMARK [0][-]{appendix.A}{Proof of PhaseLift-l1 gauge duality}{}% 46
\BOOKMARK [0][-]{appendix.B}{Further justification of residuals established in Chapter 5}{}% 47
