This is pdfTeX, Version 3.14159265-2.6-1.40.16 (TeX Live 2015) (preloaded format=pdflatex 2016.1.22)  15 JUL 2019 15:46
entering extended mode
 restricted \write18 enabled.
 %&-line parsing enabled.
**will_wright-working_notes.tex
(./will_wright-working_notes.tex
LaTeX2e <2015/10/01> patch level 2
Babel <3.9n> and hyphenation patterns for 79 languages loaded.
(/usr/local/texlive/2015/texmf-dist/tex/latex/base/report.cls
Document Class: report 2014/09/29 v1.4h Standard LaTeX document class
(/usr/local/texlive/2015/texmf-dist/tex/latex/base/size11.clo
File: size11.clo 2014/09/29 v1.4h Standard LaTeX file (size option)
)
\c@part=\count79
\c@chapter=\count80
\c@section=\count81
\c@subsection=\count82
\c@subsubsection=\count83
\c@paragraph=\count84
\c@subparagraph=\count85
\c@figure=\count86
\c@table=\count87
\abovecaptionskip=\skip41
\belowcaptionskip=\skip42
\bibindent=\dimen102
)
(/usr/local/texlive/2015/texmf-dist/tex/latex/url/url.sty
\Urlmuskip=\muskip10
Package: url 2013/09/16  ver 3.4  Verb mode for urls, etc.
)
(/usr/local/texlive/2015/texmf-dist/tex/latex/graphics/graphicx.sty
Package: graphicx 2014/10/28 v1.0g Enhanced LaTeX Graphics (DPC,SPQR)

(/usr/local/texlive/2015/texmf-dist/tex/latex/graphics/keyval.sty
Package: keyval 2014/10/28 v1.15 key=value parser (DPC)
\KV@toks@=\toks14
)
(/usr/local/texlive/2015/texmf-dist/tex/latex/graphics/graphics.sty
Package: graphics 2014/10/28 v1.0p Standard LaTeX Graphics (DPC,SPQR)

(/usr/local/texlive/2015/texmf-dist/tex/latex/graphics/trig.sty
Package: trig 1999/03/16 v1.09 sin cos tan (DPC)
)
(/usr/local/texlive/2015/texmf-dist/tex/latex/latexconfig/graphics.cfg
File: graphics.cfg 2010/04/23 v1.9 graphics configuration of TeX Live
)
Package graphics Info: Driver file: pdftex.def on input line 94.

(/usr/local/texlive/2015/texmf-dist/tex/latex/pdftex-def/pdftex.def
File: pdftex.def 2011/05/27 v0.06d Graphics/color for pdfTeX

(/usr/local/texlive/2015/texmf-dist/tex/generic/oberdiek/infwarerr.sty
Package: infwarerr 2010/04/08 v1.3 Providing info/warning/error messages (HO)
)
(/usr/local/texlive/2015/texmf-dist/tex/generic/oberdiek/ltxcmds.sty
Package: ltxcmds 2011/11/09 v1.22 LaTeX kernel commands for general use (HO)
)
\Gread@gobject=\count88
))
\Gin@req@height=\dimen103
\Gin@req@width=\dimen104
)
(/usr/local/texlive/2015/texmf-dist/tex/latex/tools/tabularx.sty
Package: tabularx 2014/10/28 v2.10 `tabularx' package (DPC)

(/usr/local/texlive/2015/texmf-dist/tex/latex/tools/array.sty
Package: array 2014/10/28 v2.4c Tabular extension package (FMi)
\col@sep=\dimen105
\extrarowheight=\dimen106
\NC@list=\toks15
\extratabsurround=\skip43
\backup@length=\skip44
)
\TX@col@width=\dimen107
\TX@old@table=\dimen108
\TX@old@col=\dimen109
\TX@target=\dimen110
\TX@delta=\dimen111
\TX@cols=\count89
\TX@ftn=\toks16
)
(/usr/local/texlive/2015/texmf-dist/tex/latex/geometry/geometry.sty
Package: geometry 2010/09/12 v5.6 Page Geometry

(/usr/local/texlive/2015/texmf-dist/tex/generic/oberdiek/ifpdf.sty
Package: ifpdf 2011/01/30 v2.3 Provides the ifpdf switch (HO)
Package ifpdf Info: pdfTeX in PDF mode is detected.
)
(/usr/local/texlive/2015/texmf-dist/tex/generic/oberdiek/ifvtex.sty
Package: ifvtex 2010/03/01 v1.5 Detect VTeX and its facilities (HO)
Package ifvtex Info: VTeX not detected.
)
(/usr/local/texlive/2015/texmf-dist/tex/generic/ifxetex/ifxetex.sty
Package: ifxetex 2010/09/12 v0.6 Provides ifxetex conditional
)
\Gm@cnth=\count90
\Gm@cntv=\count91
\c@Gm@tempcnt=\count92
\Gm@bindingoffset=\dimen112
\Gm@wd@mp=\dimen113
\Gm@odd@mp=\dimen114
\Gm@even@mp=\dimen115
\Gm@layoutwidth=\dimen116
\Gm@layoutheight=\dimen117
\Gm@layouthoffset=\dimen118
\Gm@layoutvoffset=\dimen119
\Gm@dimlist=\toks17
)
(/usr/local/texlive/2015/texmf-dist/tex/latex/amsmath/amsmath.sty
Package: amsmath 2013/01/14 v2.14 AMS math features
\@mathmargin=\skip45

For additional information on amsmath, use the `?' option.
(/usr/local/texlive/2015/texmf-dist/tex/latex/amsmath/amstext.sty
Package: amstext 2000/06/29 v2.01

(/usr/local/texlive/2015/texmf-dist/tex/latex/amsmath/amsgen.sty
File: amsgen.sty 1999/11/30 v2.0
\@emptytoks=\toks18
\ex@=\dimen120
))
(/usr/local/texlive/2015/texmf-dist/tex/latex/amsmath/amsbsy.sty
Package: amsbsy 1999/11/29 v1.2d
\pmbraise@=\dimen121
)
(/usr/local/texlive/2015/texmf-dist/tex/latex/amsmath/amsopn.sty
Package: amsopn 1999/12/14 v2.01 operator names
)
\inf@bad=\count93
LaTeX Info: Redefining \frac on input line 210.
\uproot@=\count94
\leftroot@=\count95
LaTeX Info: Redefining \overline on input line 306.
\classnum@=\count96
\DOTSCASE@=\count97
LaTeX Info: Redefining \ldots on input line 378.
LaTeX Info: Redefining \dots on input line 381.
LaTeX Info: Redefining \cdots on input line 466.
\Mathstrutbox@=\box26
\strutbox@=\box27
\big@size=\dimen122
LaTeX Font Info:    Redeclaring font encoding OML on input line 566.
LaTeX Font Info:    Redeclaring font encoding OMS on input line 567.
\macc@depth=\count98
\c@MaxMatrixCols=\count99
\dotsspace@=\muskip11
\c@parentequation=\count100
\dspbrk@lvl=\count101
\tag@help=\toks19
\row@=\count102
\column@=\count103
\maxfields@=\count104
\andhelp@=\toks20
\eqnshift@=\dimen123
\alignsep@=\dimen124
\tagshift@=\dimen125
\tagwidth@=\dimen126
\totwidth@=\dimen127
\lineht@=\dimen128
\@envbody=\toks21
\multlinegap=\skip46
\multlinetaggap=\skip47
\mathdisplay@stack=\toks22
LaTeX Info: Redefining \[ on input line 2665.
LaTeX Info: Redefining \] on input line 2666.
)
(/usr/local/texlive/2015/texmf-dist/tex/latex/amsfonts/amssymb.sty
Package: amssymb 2013/01/14 v3.01 AMS font symbols

(/usr/local/texlive/2015/texmf-dist/tex/latex/amsfonts/amsfonts.sty
Package: amsfonts 2013/01/14 v3.01 Basic AMSFonts support
\symAMSa=\mathgroup4
\symAMSb=\mathgroup5
LaTeX Font Info:    Overwriting math alphabet `\mathfrak' in version `bold'
(Font)                  U/euf/m/n --> U/euf/b/n on input line 106.
))
(/usr/local/texlive/2015/texmf-dist/tex/latex/amscls/amsthm.sty
Package: amsthm 2015/03/04 v2.20.2
\thm@style=\toks23
\thm@bodyfont=\toks24
\thm@headfont=\toks25
\thm@notefont=\toks26
\thm@headpunct=\toks27
\thm@preskip=\skip48
\thm@postskip=\skip49
\thm@headsep=\skip50
\dth@everypar=\toks28
)
(/usr/local/texlive/2015/texmf-dist/tex/latex/tools/enumerate.sty
Package: enumerate 2015/07/23 v3.00 enumerate extensions (DPC)
\@enLab=\toks29
)
(/usr/local/texlive/2015/texmf-dist/tex/latex/multirow/multirow.sty
\bigstrutjot=\dimen129
)
(/usr/local/texlive/2015/texmf-dist/tex/latex/float/float.sty
Package: float 2001/11/08 v1.3d Float enhancements (AL)
\c@float@type=\count105
\float@exts=\toks30
\float@box=\box28
\@float@everytoks=\toks31
\@floatcapt=\box29
)
(/usr/local/texlive/2015/texmf-dist/tex/latex/doublestroke/dsfont.sty
Package: dsfont 1995/08/01 v0.1 Double stroke roman fonts
)
(/usr/local/texlive/2015/texmf-dist/tex/latex/pgf/frontendlayer/tikz.sty
(/usr/local/texlive/2015/texmf-dist/tex/latex/pgf/basiclayer/pgf.sty
(/usr/local/texlive/2015/texmf-dist/tex/latex/pgf/utilities/pgfrcs.sty
(/usr/local/texlive/2015/texmf-dist/tex/generic/pgf/utilities/pgfutil-common.te
x
\pgfutil@everybye=\toks32
\pgfutil@tempdima=\dimen130
\pgfutil@tempdimb=\dimen131

(/usr/local/texlive/2015/texmf-dist/tex/generic/pgf/utilities/pgfutil-common-li
sts.tex))
(/usr/local/texlive/2015/texmf-dist/tex/generic/pgf/utilities/pgfutil-latex.def
\pgfutil@abb=\box30
(/usr/local/texlive/2015/texmf-dist/tex/latex/ms/everyshi.sty
Package: everyshi 2001/05/15 v3.00 EveryShipout Package (MS)
))
(/usr/local/texlive/2015/texmf-dist/tex/generic/pgf/utilities/pgfrcs.code.tex
Package: pgfrcs 2015/08/07 v3.0.1a (rcs-revision 1.31)
))
Package: pgf 2015/08/07 v3.0.1a (rcs-revision 1.15)
(/usr/local/texlive/2015/texmf-dist/tex/latex/pgf/basiclayer/pgfcore.sty
(/usr/local/texlive/2015/texmf-dist/tex/latex/pgf/systemlayer/pgfsys.sty
(/usr/local/texlive/2015/texmf-dist/tex/generic/pgf/systemlayer/pgfsys.code.tex
Package: pgfsys 2014/07/09 v3.0.1a (rcs-revision 1.48)
(/usr/local/texlive/2015/texmf-dist/tex/generic/pgf/utilities/pgfkeys.code.tex
\pgfkeys@pathtoks=\toks33
\pgfkeys@temptoks=\toks34

(/usr/local/texlive/2015/texmf-dist/tex/generic/pgf/utilities/pgfkeysfiltered.c
ode.tex
\pgfkeys@tmptoks=\toks35
))
\pgf@x=\dimen132
\pgf@y=\dimen133
\pgf@xa=\dimen134
\pgf@ya=\dimen135
\pgf@xb=\dimen136
\pgf@yb=\dimen137
\pgf@xc=\dimen138
\pgf@yc=\dimen139
\w@pgf@writea=\write3
\r@pgf@reada=\read1
\c@pgf@counta=\count106
\c@pgf@countb=\count107
\c@pgf@countc=\count108
\c@pgf@countd=\count109
\t@pgf@toka=\toks36
\t@pgf@tokb=\toks37
\t@pgf@tokc=\toks38

(/usr/local/texlive/2015/texmf-dist/tex/generic/pgf/systemlayer/pgf.cfg
File: pgf.cfg 2008/05/14  (rcs-revision 1.7)
)
Driver file for pgf: pgfsys-pdftex.def

(/usr/local/texlive/2015/texmf-dist/tex/generic/pgf/systemlayer/pgfsys-pdftex.d
ef
File: pgfsys-pdftex.def 2014/10/11  (rcs-revision 1.35)

(/usr/local/texlive/2015/texmf-dist/tex/generic/pgf/systemlayer/pgfsys-common-p
df.def
File: pgfsys-common-pdf.def 2013/10/10  (rcs-revision 1.13)
)))
(/usr/local/texlive/2015/texmf-dist/tex/generic/pgf/systemlayer/pgfsyssoftpath.
code.tex
File: pgfsyssoftpath.code.tex 2013/09/09  (rcs-revision 1.9)
\pgfsyssoftpath@smallbuffer@items=\count110
\pgfsyssoftpath@bigbuffer@items=\count111
)
(/usr/local/texlive/2015/texmf-dist/tex/generic/pgf/systemlayer/pgfsysprotocol.
code.tex
File: pgfsysprotocol.code.tex 2006/10/16  (rcs-revision 1.4)
)) (/usr/local/texlive/2015/texmf-dist/tex/latex/xcolor/xcolor.sty
Package: xcolor 2007/01/21 v2.11 LaTeX color extensions (UK)

(/usr/local/texlive/2015/texmf-dist/tex/latex/latexconfig/color.cfg
File: color.cfg 2007/01/18 v1.5 color configuration of teTeX/TeXLive
)
Package xcolor Info: Driver file: pdftex.def on input line 225.
Package xcolor Info: Model `cmy' substituted by `cmy0' on input line 1337.
Package xcolor Info: Model `hsb' substituted by `rgb' on input line 1341.
Package xcolor Info: Model `RGB' extended on input line 1353.
Package xcolor Info: Model `HTML' substituted by `rgb' on input line 1355.
Package xcolor Info: Model `Hsb' substituted by `hsb' on input line 1356.
Package xcolor Info: Model `tHsb' substituted by `hsb' on input line 1357.
Package xcolor Info: Model `HSB' substituted by `hsb' on input line 1358.
Package xcolor Info: Model `Gray' substituted by `gray' on input line 1359.
Package xcolor Info: Model `wave' substituted by `hsb' on input line 1360.
)
(/usr/local/texlive/2015/texmf-dist/tex/generic/pgf/basiclayer/pgfcore.code.tex
Package: pgfcore 2010/04/11 v3.0.1a (rcs-revision 1.7)
(/usr/local/texlive/2015/texmf-dist/tex/generic/pgf/math/pgfmath.code.tex
(/usr/local/texlive/2015/texmf-dist/tex/generic/pgf/math/pgfmathcalc.code.tex
(/usr/local/texlive/2015/texmf-dist/tex/generic/pgf/math/pgfmathutil.code.tex)
(/usr/local/texlive/2015/texmf-dist/tex/generic/pgf/math/pgfmathparser.code.tex
\pgfmath@dimen=\dimen140
\pgfmath@count=\count112
\pgfmath@box=\box31
\pgfmath@toks=\toks39
\pgfmath@stack@operand=\toks40
\pgfmath@stack@operation=\toks41
)
(/usr/local/texlive/2015/texmf-dist/tex/generic/pgf/math/pgfmathfunctions.code.
tex
(/usr/local/texlive/2015/texmf-dist/tex/generic/pgf/math/pgfmathfunctions.basic
.code.tex)
(/usr/local/texlive/2015/texmf-dist/tex/generic/pgf/math/pgfmathfunctions.trigo
nometric.code.tex)
(/usr/local/texlive/2015/texmf-dist/tex/generic/pgf/math/pgfmathfunctions.rando
m.code.tex)
(/usr/local/texlive/2015/texmf-dist/tex/generic/pgf/math/pgfmathfunctions.compa
rison.code.tex)
(/usr/local/texlive/2015/texmf-dist/tex/generic/pgf/math/pgfmathfunctions.base.
code.tex)
(/usr/local/texlive/2015/texmf-dist/tex/generic/pgf/math/pgfmathfunctions.round
.code.tex)
(/usr/local/texlive/2015/texmf-dist/tex/generic/pgf/math/pgfmathfunctions.misc.
code.tex)
(/usr/local/texlive/2015/texmf-dist/tex/generic/pgf/math/pgfmathfunctions.integ
erarithmetics.code.tex)))
(/usr/local/texlive/2015/texmf-dist/tex/generic/pgf/math/pgfmathfloat.code.tex
\c@pgfmathroundto@lastzeros=\count113
))
(/usr/local/texlive/2015/texmf-dist/tex/generic/pgf/basiclayer/pgfcorepoints.co
de.tex
File: pgfcorepoints.code.tex 2013/10/07  (rcs-revision 1.27)
\pgf@picminx=\dimen141
\pgf@picmaxx=\dimen142
\pgf@picminy=\dimen143
\pgf@picmaxy=\dimen144
\pgf@pathminx=\dimen145
\pgf@pathmaxx=\dimen146
\pgf@pathminy=\dimen147
\pgf@pathmaxy=\dimen148
\pgf@xx=\dimen149
\pgf@xy=\dimen150
\pgf@yx=\dimen151
\pgf@yy=\dimen152
\pgf@zx=\dimen153
\pgf@zy=\dimen154
)
(/usr/local/texlive/2015/texmf-dist/tex/generic/pgf/basiclayer/pgfcorepathconst
ruct.code.tex
File: pgfcorepathconstruct.code.tex 2013/10/07  (rcs-revision 1.29)
\pgf@path@lastx=\dimen155
\pgf@path@lasty=\dimen156
)
(/usr/local/texlive/2015/texmf-dist/tex/generic/pgf/basiclayer/pgfcorepathusage
.code.tex
File: pgfcorepathusage.code.tex 2014/11/02  (rcs-revision 1.24)
\pgf@shorten@end@additional=\dimen157
\pgf@shorten@start@additional=\dimen158
)
(/usr/local/texlive/2015/texmf-dist/tex/generic/pgf/basiclayer/pgfcorescopes.co
de.tex
File: pgfcorescopes.code.tex 2015/05/08  (rcs-revision 1.46)
\pgfpic=\box32
\pgf@hbox=\box33
\pgf@layerbox@main=\box34
\pgf@picture@serial@count=\count114
)
(/usr/local/texlive/2015/texmf-dist/tex/generic/pgf/basiclayer/pgfcoregraphicst
ate.code.tex
File: pgfcoregraphicstate.code.tex 2014/11/02  (rcs-revision 1.12)
\pgflinewidth=\dimen159
)
(/usr/local/texlive/2015/texmf-dist/tex/generic/pgf/basiclayer/pgfcoretransform
ations.code.tex
File: pgfcoretransformations.code.tex 2015/08/07  (rcs-revision 1.20)
\pgf@pt@x=\dimen160
\pgf@pt@y=\dimen161
\pgf@pt@temp=\dimen162
)
(/usr/local/texlive/2015/texmf-dist/tex/generic/pgf/basiclayer/pgfcorequick.cod
e.tex
File: pgfcorequick.code.tex 2008/10/09  (rcs-revision 1.3)
)
(/usr/local/texlive/2015/texmf-dist/tex/generic/pgf/basiclayer/pgfcoreobjects.c
ode.tex
File: pgfcoreobjects.code.tex 2006/10/11  (rcs-revision 1.2)
)
(/usr/local/texlive/2015/texmf-dist/tex/generic/pgf/basiclayer/pgfcorepathproce
ssing.code.tex
File: pgfcorepathprocessing.code.tex 2013/09/09  (rcs-revision 1.9)
)
(/usr/local/texlive/2015/texmf-dist/tex/generic/pgf/basiclayer/pgfcorearrows.co
de.tex
File: pgfcorearrows.code.tex 2015/05/14  (rcs-revision 1.43)
\pgfarrowsep=\dimen163
)
(/usr/local/texlive/2015/texmf-dist/tex/generic/pgf/basiclayer/pgfcoreshade.cod
e.tex
File: pgfcoreshade.code.tex 2013/07/15  (rcs-revision 1.15)
\pgf@max=\dimen164
\pgf@sys@shading@range@num=\count115
)
(/usr/local/texlive/2015/texmf-dist/tex/generic/pgf/basiclayer/pgfcoreimage.cod
e.tex
File: pgfcoreimage.code.tex 2013/07/15  (rcs-revision 1.18)

(/usr/local/texlive/2015/texmf-dist/tex/generic/pgf/basiclayer/pgfcoreexternal.
code.tex
File: pgfcoreexternal.code.tex 2014/07/09  (rcs-revision 1.21)
\pgfexternal@startupbox=\box35
))
(/usr/local/texlive/2015/texmf-dist/tex/generic/pgf/basiclayer/pgfcorelayers.co
de.tex
File: pgfcorelayers.code.tex 2013/07/18  (rcs-revision 1.7)
)
(/usr/local/texlive/2015/texmf-dist/tex/generic/pgf/basiclayer/pgfcoretranspare
ncy.code.tex
File: pgfcoretransparency.code.tex 2013/09/30  (rcs-revision 1.5)
)
(/usr/local/texlive/2015/texmf-dist/tex/generic/pgf/basiclayer/pgfcorepatterns.
code.tex
File: pgfcorepatterns.code.tex 2013/11/07  (rcs-revision 1.5)
)))
(/usr/local/texlive/2015/texmf-dist/tex/generic/pgf/modules/pgfmoduleshapes.cod
e.tex
File: pgfmoduleshapes.code.tex 2014/03/21  (rcs-revision 1.35)
\pgfnodeparttextbox=\box36
)
(/usr/local/texlive/2015/texmf-dist/tex/generic/pgf/modules/pgfmoduleplot.code.
tex
File: pgfmoduleplot.code.tex 2015/08/03  (rcs-revision 1.13)
)
(/usr/local/texlive/2015/texmf-dist/tex/latex/pgf/compatibility/pgfcomp-version
-0-65.sty
Package: pgfcomp-version-0-65 2007/07/03 v3.0.1a (rcs-revision 1.7)
\pgf@nodesepstart=\dimen165
\pgf@nodesepend=\dimen166
)
(/usr/local/texlive/2015/texmf-dist/tex/latex/pgf/compatibility/pgfcomp-version
-1-18.sty
Package: pgfcomp-version-1-18 2007/07/23 v3.0.1a (rcs-revision 1.1)
))
(/usr/local/texlive/2015/texmf-dist/tex/latex/pgf/utilities/pgffor.sty
(/usr/local/texlive/2015/texmf-dist/tex/latex/pgf/utilities/pgfkeys.sty
(/usr/local/texlive/2015/texmf-dist/tex/generic/pgf/utilities/pgfkeys.code.tex)
) (/usr/local/texlive/2015/texmf-dist/tex/latex/pgf/math/pgfmath.sty
(/usr/local/texlive/2015/texmf-dist/tex/generic/pgf/math/pgfmath.code.tex))
(/usr/local/texlive/2015/texmf-dist/tex/generic/pgf/utilities/pgffor.code.tex
Package: pgffor 2013/12/13 v3.0.1a (rcs-revision 1.25)

(/usr/local/texlive/2015/texmf-dist/tex/generic/pgf/math/pgfmath.code.tex)
\pgffor@iter=\dimen167
\pgffor@skip=\dimen168
\pgffor@stack=\toks42
\pgffor@toks=\toks43
))
(/usr/local/texlive/2015/texmf-dist/tex/generic/pgf/frontendlayer/tikz/tikz.cod
e.tex
Package: tikz 2015/08/07 v3.0.1a (rcs-revision 1.151)

(/usr/local/texlive/2015/texmf-dist/tex/generic/pgf/libraries/pgflibraryplothan
dlers.code.tex
File: pgflibraryplothandlers.code.tex 2013/08/31 v3.0.1a (rcs-revision 1.20)
\pgf@plot@mark@count=\count116
\pgfplotmarksize=\dimen169
)
\tikz@lastx=\dimen170
\tikz@lasty=\dimen171
\tikz@lastxsaved=\dimen172
\tikz@lastysaved=\dimen173
\tikzleveldistance=\dimen174
\tikzsiblingdistance=\dimen175
\tikz@figbox=\box37
\tikz@figbox@bg=\box38
\tikz@tempbox=\box39
\tikz@tempbox@bg=\box40
\tikztreelevel=\count117
\tikznumberofchildren=\count118
\tikznumberofcurrentchild=\count119
\tikz@fig@count=\count120

(/usr/local/texlive/2015/texmf-dist/tex/generic/pgf/modules/pgfmodulematrix.cod
e.tex
File: pgfmodulematrix.code.tex 2013/09/17  (rcs-revision 1.8)
\pgfmatrixcurrentrow=\count121
\pgfmatrixcurrentcolumn=\count122
\pgf@matrix@numberofcolumns=\count123
)
\tikz@expandcount=\count124

(/usr/local/texlive/2015/texmf-dist/tex/generic/pgf/frontendlayer/tikz/librarie
s/tikzlibrarytopaths.code.tex
File: tikzlibrarytopaths.code.tex 2008/06/17 v3.0.1a (rcs-revision 1.2)
)))
(/usr/local/texlive/2015/texmf-dist/tex/generic/pgf/frontendlayer/tikz/librarie
s/tikzlibrarytrees.code.tex
File: tikzlibrarytrees.code.tex 2008/02/24 v3.0.1a (rcs-revision 1.2)
)
(/usr/local/texlive/2015/texmf-dist/tex/generic/pgf/frontendlayer/tikz/librarie
s/tikzlibraryshapes.code.tex
File: tikzlibraryshapes.code.tex 2008/01/09 v3.0.1a (rcs-revision 1.1)

(/usr/local/texlive/2015/texmf-dist/tex/generic/pgf/frontendlayer/tikz/librarie
s/tikzlibraryshapes.geometric.code.tex
File: tikzlibraryshapes.geometric.code.tex 2008/01/09 v3.0.1a (rcs-revision 1.1
)

(/usr/local/texlive/2015/texmf-dist/tex/generic/pgf/libraries/shapes/pgflibrary
shapes.geometric.code.tex
File: pgflibraryshapes.geometric.code.tex 2008/06/26 v3.0.1a (rcs-revision 1.1)

))
(/usr/local/texlive/2015/texmf-dist/tex/generic/pgf/frontendlayer/tikz/librarie
s/tikzlibraryshapes.misc.code.tex
File: tikzlibraryshapes.misc.code.tex 2008/01/09 v3.0.1a (rcs-revision 1.1)

(/usr/local/texlive/2015/texmf-dist/tex/generic/pgf/libraries/shapes/pgflibrary
shapes.misc.code.tex
File: pgflibraryshapes.misc.code.tex 2013/07/18 v3.0.1a (rcs-revision 1.5)
))
(/usr/local/texlive/2015/texmf-dist/tex/generic/pgf/frontendlayer/tikz/librarie
s/tikzlibraryshapes.symbols.code.tex
File: tikzlibraryshapes.symbols.code.tex 2008/01/09 v3.0.1a (rcs-revision 1.1)

(/usr/local/texlive/2015/texmf-dist/tex/generic/pgf/libraries/shapes/pgflibrary
shapes.symbols.code.tex
File: pgflibraryshapes.symbols.code.tex 2013/09/11 v3.0.1a (rcs-revision 1.6)
))
(/usr/local/texlive/2015/texmf-dist/tex/generic/pgf/frontendlayer/tikz/librarie
s/tikzlibraryshapes.arrows.code.tex
File: tikzlibraryshapes.arrows.code.tex 2008/01/09 v3.0.1a (rcs-revision 1.1)

(/usr/local/texlive/2015/texmf-dist/tex/generic/pgf/libraries/shapes/pgflibrary
shapes.arrows.code.tex
File: pgflibraryshapes.arrows.code.tex 2008/06/26 v3.0.1a (rcs-revision 1.1)
))
(/usr/local/texlive/2015/texmf-dist/tex/generic/pgf/frontendlayer/tikz/librarie
s/tikzlibraryshapes.callouts.code.tex
(/usr/local/texlive/2015/texmf-dist/tex/generic/pgf/libraries/shapes/pgflibrary
shapes.callouts.code.tex))
(/usr/local/texlive/2015/texmf-dist/tex/generic/pgf/frontendlayer/tikz/librarie
s/tikzlibraryshapes.multipart.code.tex
File: tikzlibraryshapes.multipart.code.tex 2008/01/09 v3.0.1a (rcs-revision 1.1
)

(/usr/local/texlive/2015/texmf-dist/tex/generic/pgf/libraries/shapes/pgflibrary
shapes.multipart.code.tex
File: pgflibraryshapes.multipart.code.tex 2010/01/07 v3.0.1a (rcs-revision 1.2)

\pgfnodepartlowerbox=\box41
\pgfnodeparttwobox=\box42
\pgfnodepartthreebox=\box43
\pgfnodepartfourbox=\box44
\pgfnodeparttwentybox=\box45
\pgfnodepartnineteenbox=\box46
\pgfnodeparteighteenbox=\box47
\pgfnodepartseventeenbox=\box48
\pgfnodepartsixteenbox=\box49
\pgfnodepartfifteenbox=\box50
\pgfnodepartfourteenbox=\box51
\pgfnodepartthirteenbox=\box52
\pgfnodeparttwelvebox=\box53
\pgfnodepartelevenbox=\box54
\pgfnodeparttenbox=\box55
\pgfnodepartninebox=\box56
\pgfnodeparteightbox=\box57
\pgfnodepartsevenbox=\box58
\pgfnodepartsixbox=\box59
\pgfnodepartfivebox=\box60
)))
(/usr/local/texlive/2015/texmf-dist/tex/generic/pgf/frontendlayer/tikz/librarie
s/tikzlibraryarrows.code.tex
File: tikzlibraryarrows.code.tex 2008/01/09 v3.0.1a (rcs-revision 1.1)

(/usr/local/texlive/2015/texmf-dist/tex/generic/pgf/libraries/pgflibraryarrows.
code.tex
File: pgflibraryarrows.code.tex 2013/09/23 v3.0.1a (rcs-revision 1.16)
\arrowsize=\dimen176
))
(/usr/local/texlive/2015/texmf-dist/tex/generic/pgf/frontendlayer/tikz/librarie
s/tikzlibrarypositioning.code.tex
File: tikzlibrarypositioning.code.tex 2008/10/06 v3.0.1a (rcs-revision 1.7)
)
(/usr/local/texlive/2015/texmf-dist/tex/latex/hyperref/hyperref.sty
Package: hyperref 2012/11/06 v6.83m Hypertext links for LaTeX

(/usr/local/texlive/2015/texmf-dist/tex/generic/oberdiek/hobsub-hyperref.sty
Package: hobsub-hyperref 2012/05/28 v1.13 Bundle oberdiek, subset hyperref (HO)


(/usr/local/texlive/2015/texmf-dist/tex/generic/oberdiek/hobsub-generic.sty
Package: hobsub-generic 2012/05/28 v1.13 Bundle oberdiek, subset generic (HO)
Package: hobsub 2012/05/28 v1.13 Construct package bundles (HO)
Package hobsub Info: Skipping package `infwarerr' (already loaded).
Package hobsub Info: Skipping package `ltxcmds' (already loaded).
Package: ifluatex 2010/03/01 v1.3 Provides the ifluatex switch (HO)
Package ifluatex Info: LuaTeX not detected.
Package hobsub Info: Skipping package `ifvtex' (already loaded).
Package: intcalc 2007/09/27 v1.1 Expandable calculations with integers (HO)
Package hobsub Info: Skipping package `ifpdf' (already loaded).
Package: etexcmds 2011/02/16 v1.5 Avoid name clashes with e-TeX commands (HO)
Package etexcmds Info: Could not find \expanded.
(etexcmds)             That can mean that you are not using pdfTeX 1.50 or
(etexcmds)             that some package has redefined \expanded.
(etexcmds)             In the latter case, load this package earlier.
Package: kvsetkeys 2012/04/25 v1.16 Key value parser (HO)
Package: kvdefinekeys 2011/04/07 v1.3 Define keys (HO)
Package: pdftexcmds 2011/11/29 v0.20 Utility functions of pdfTeX for LuaTeX (HO
)
Package pdftexcmds Info: LuaTeX not detected.
Package pdftexcmds Info: \pdf@primitive is available.
Package pdftexcmds Info: \pdf@ifprimitive is available.
Package pdftexcmds Info: \pdfdraftmode found.
Package: pdfescape 2011/11/25 v1.13 Implements pdfTeX's escape features (HO)
Package: bigintcalc 2012/04/08 v1.3 Expandable calculations on big integers (HO
)
Package: bitset 2011/01/30 v1.1 Handle bit-vector datatype (HO)
Package: uniquecounter 2011/01/30 v1.2 Provide unlimited unique counter (HO)
)
Package hobsub Info: Skipping package `hobsub' (already loaded).
Package: letltxmacro 2010/09/02 v1.4 Let assignment for LaTeX macros (HO)
Package: hopatch 2012/05/28 v1.2 Wrapper for package hooks (HO)
Package: xcolor-patch 2011/01/30 xcolor patch
Package: atveryend 2011/06/30 v1.8 Hooks at the very end of document (HO)
Package atveryend Info: \enddocument detected (standard20110627).
Package: atbegshi 2011/10/05 v1.16 At begin shipout hook (HO)
Package: refcount 2011/10/16 v3.4 Data extraction from label references (HO)
Package: hycolor 2011/01/30 v1.7 Color options for hyperref/bookmark (HO)
)
(/usr/local/texlive/2015/texmf-dist/tex/latex/oberdiek/auxhook.sty
Package: auxhook 2011/03/04 v1.3 Hooks for auxiliary files (HO)
)
(/usr/local/texlive/2015/texmf-dist/tex/latex/oberdiek/kvoptions.sty
Package: kvoptions 2011/06/30 v3.11 Key value format for package options (HO)
)
\@linkdim=\dimen177
\Hy@linkcounter=\count125
\Hy@pagecounter=\count126

(/usr/local/texlive/2015/texmf-dist/tex/latex/hyperref/pd1enc.def
File: pd1enc.def 2012/11/06 v6.83m Hyperref: PDFDocEncoding definition (HO)
)
\Hy@SavedSpaceFactor=\count127

(/usr/local/texlive/2015/texmf-dist/tex/latex/latexconfig/hyperref.cfg
File: hyperref.cfg 2002/06/06 v1.2 hyperref configuration of TeXLive
)
Package hyperref Info: Hyper figures OFF on input line 4443.
Package hyperref Info: Link nesting OFF on input line 4448.
Package hyperref Info: Hyper index ON on input line 4451.
Package hyperref Info: Plain pages OFF on input line 4458.
Package hyperref Info: Backreferencing OFF on input line 4463.
Package hyperref Info: Implicit mode ON; LaTeX internals redefined.
Package hyperref Info: Bookmarks ON on input line 4688.
\c@Hy@tempcnt=\count128
LaTeX Info: Redefining \url on input line 5041.
\XeTeXLinkMargin=\dimen178
\Fld@menulength=\count129
\Field@Width=\dimen179
\Fld@charsize=\dimen180
Package hyperref Info: Hyper figures OFF on input line 6295.
Package hyperref Info: Link nesting OFF on input line 6300.
Package hyperref Info: Hyper index ON on input line 6303.
Package hyperref Info: backreferencing OFF on input line 6310.
Package hyperref Info: Link coloring OFF on input line 6315.
Package hyperref Info: Link coloring with OCG OFF on input line 6320.
Package hyperref Info: PDF/A mode OFF on input line 6325.
LaTeX Info: Redefining \ref on input line 6365.
LaTeX Info: Redefining \pageref on input line 6369.
\Hy@abspage=\count130
\c@Item=\count131
\c@Hfootnote=\count132
)

Package hyperref Message: Driver (autodetected): hpdftex.

(/usr/local/texlive/2015/texmf-dist/tex/latex/hyperref/hpdftex.def
File: hpdftex.def 2012/11/06 v6.83m Hyperref driver for pdfTeX
\Fld@listcount=\count133
\c@bookmark@seq@number=\count134

(/usr/local/texlive/2015/texmf-dist/tex/latex/oberdiek/rerunfilecheck.sty
Package: rerunfilecheck 2011/04/15 v1.7 Rerun checks for auxiliary files (HO)
Package uniquecounter Info: New unique counter `rerunfilecheck' on input line 2
82.
)
\Hy@SectionHShift=\skip51
)
(/usr/local/texlive/2015/texmf-dist/tex/latex/makecell/makecell.sty
Package: makecell 2009/08/03 V0.1e Managing of Tab Column Heads and Cells
\rotheadsize=\dimen181
\c@nlinenum=\count135
\TeXr@lab=\toks44
)
(/usr/local/texlive/2015/texmf-dist/tex/latex/algorithms/algorithm.sty
Package: algorithm 2009/08/24 v0.1 Document Style `algorithm' - floating enviro
nment

(/usr/local/texlive/2015/texmf-dist/tex/latex/base/ifthen.sty
Package: ifthen 2014/09/29 v1.1c Standard LaTeX ifthen package (DPC)
)
\@float@every@algorithm=\toks45
\c@algorithm=\count136
)
(/usr/local/texlive/2015/texmf-dist/tex/latex/algorithmicx/algpseudocode.sty
Package: algpseudocode 

(/usr/local/texlive/2015/texmf-dist/tex/latex/algorithmicx/algorithmicx.sty
Package: algorithmicx 2005/04/27 v1.2 Algorithmicx

Document Style algorithmicx 1.2 - a greatly improved `algorithmic' style
\c@ALG@line=\count137
\c@ALG@rem=\count138
\c@ALG@nested=\count139
\ALG@tlm=\skip52
\ALG@thistlm=\skip53
\c@ALG@Lnr=\count140
\c@ALG@blocknr=\count141
\c@ALG@storecount=\count142
\c@ALG@tmpcounter=\count143
\ALG@tmplength=\skip54
)
Document Style - pseudocode environments for use with the `algorithmicx' style
) (/usr/local/texlive/2015/texmf-dist/tex/latex/caption/subcaption.sty
Package: subcaption 2015/09/15 v1.1-100 Sub-captions (AR)

(/usr/local/texlive/2015/texmf-dist/tex/latex/caption/caption.sty
Package: caption 2015/09/17 v3.3-111 Customizing captions (AR)

(/usr/local/texlive/2015/texmf-dist/tex/latex/caption/caption3.sty
Package: caption3 2015/09/20 v1.7-115 caption3 kernel (AR)
Package caption3 Info: TeX engine: e-TeX on input line 57.
\captionmargin=\dimen182
\captionmargin@=\dimen183
\captionwidth=\dimen184
\caption@tempdima=\dimen185
\caption@indent=\dimen186
\caption@parindent=\dimen187
\caption@hangindent=\dimen188
)
\c@ContinuedFloat=\count144
Package caption Info: float package is loaded.
Package caption Info: hyperref package is loaded.
)
\c@subfigure=\count145
\c@subtable=\count146
)
(/usr/local/texlive/2015/texmf-dist/tex/latex/graphics/epsfig.sty
Package: epsfig 1999/02/16 v1.7a (e)psfig emulation (SPQR)
\epsfxsize=\dimen189
\epsfysize=\dimen190
)
(/usr/local/texlive/2015/texmf-dist/tex/latex/eepic/epic.sty
Enhancements to Picture Environment. Version 1.2 - Released June 1, 1986
\@@multicnt=\count147
\d@lta=\count148
\@delta=\dimen191
\@@delta=\dimen192
\@gridcnt=\count149
\@joinkind=\count150
\@dotgap=\dimen193
\@ddotgap=\dimen194
\@x@diff=\count151
\@y@diff=\count152
\x@diff=\dimen195
\y@diff=\dimen196
\@dotbox=\box61
\num@segments=\count153
\num@segmentsi=\count154
\@datafile=\read2
) (/usr/local/texlive/2015/texmf-dist/tex/latex/eepic/eepic.sty
Extension to Epic and LaTeX. Version 1.1e - Released Dec 21, 1999
\@gphlinewidth=\count155
\@eepictcnt=\count156
\@tempdimc=\dimen197
\maxovaldiam=\dimen198
\@filltype=\box62
)
\c@thm=\count157
\c@theorem=\count158
 (./will_wright-working_notes.aux)
\openout1 = `will_wright-working_notes.aux'.

LaTeX Font Info:    Checking defaults for OML/cmm/m/it on input line 231.
LaTeX Font Info:    ... okay on input line 231.
LaTeX Font Info:    Checking defaults for T1/cmr/m/n on input line 231.
LaTeX Font Info:    ... okay on input line 231.
LaTeX Font Info:    Checking defaults for OT1/cmr/m/n on input line 231.
LaTeX Font Info:    ... okay on input line 231.
LaTeX Font Info:    Checking defaults for OMS/cmsy/m/n on input line 231.
LaTeX Font Info:    ... okay on input line 231.
LaTeX Font Info:    Checking defaults for OMX/cmex/m/n on input line 231.
LaTeX Font Info:    ... okay on input line 231.
LaTeX Font Info:    Checking defaults for U/cmr/m/n on input line 231.
LaTeX Font Info:    ... okay on input line 231.
LaTeX Font Info:    Checking defaults for PD1/pdf/m/n on input line 231.
LaTeX Font Info:    ... okay on input line 231.

(/usr/local/texlive/2015/texmf-dist/tex/context/base/supp-pdf.mkii
[Loading MPS to PDF converter (version 2006.09.02).]
\scratchcounter=\count159
\scratchdimen=\dimen199
\scratchbox=\box63
\nofMPsegments=\count160
\nofMParguments=\count161
\everyMPshowfont=\toks46
\MPscratchCnt=\count162
\MPscratchDim=\dimen256
\MPnumerator=\count163
\makeMPintoPDFobject=\count164
\everyMPtoPDFconversion=\toks47
) (/usr/local/texlive/2015/texmf-dist/tex/latex/oberdiek/epstopdf-base.sty
Package: epstopdf-base 2010/02/09 v2.5 Base part for package epstopdf

(/usr/local/texlive/2015/texmf-dist/tex/latex/oberdiek/grfext.sty
Package: grfext 2010/08/19 v1.1 Manage graphics extensions (HO)
)
Package grfext Info: Graphics extension search list:
(grfext)             [.png,.pdf,.jpg,.mps,.jpeg,.jbig2,.jb2,.PNG,.PDF,.JPG,.JPE
G,.JBIG2,.JB2,.eps]
(grfext)             \AppendGraphicsExtensions on input line 452.

(/usr/local/texlive/2015/texmf-dist/tex/latex/latexconfig/epstopdf-sys.cfg
File: epstopdf-sys.cfg 2010/07/13 v1.3 Configuration of (r)epstopdf for TeX Liv
e
))
*geometry* driver: auto-detecting
*geometry* detected driver: pdftex
*geometry* verbose mode - [ preamble ] result:
* driver: pdftex
* paper: <default>
* layout: <same size as paper>
* layoutoffset:(h,v)=(0.0pt,0.0pt)
* modes: 
* h-part:(L,W,R)=(92.14519pt, 430.00462pt, 92.14519pt)
* v-part:(T,H,B)=(95.39737pt, 556.47656pt, 143.09605pt)
* \paperwidth=614.295pt
* \paperheight=794.96999pt
* \textwidth=430.00462pt
* \textheight=556.47656pt
* \oddsidemargin=19.8752pt
* \evensidemargin=19.8752pt
* \topmargin=-13.87262pt
* \headheight=12.0pt
* \headsep=25.0pt
* \topskip=11.0pt
* \footskip=30.0pt
* \marginparwidth=59.0pt
* \marginparsep=10.0pt
* \columnsep=10.0pt
* \skip\footins=10.0pt plus 4.0pt minus 2.0pt
* \hoffset=0.0pt
* \voffset=0.0pt
* \mag=1000
* \@twocolumnfalse
* \@twosidefalse
* \@mparswitchfalse
* \@reversemarginfalse
* (1in=72.27pt=25.4mm, 1cm=28.453pt)

ABD: EveryShipout initializing macros
\AtBeginShipoutBox=\box64
Package hyperref Info: Link coloring OFF on input line 231.

(/usr/local/texlive/2015/texmf-dist/tex/latex/hyperref/nameref.sty
Package: nameref 2012/10/27 v2.43 Cross-referencing by name of section

(/usr/local/texlive/2015/texmf-dist/tex/generic/oberdiek/gettitlestring.sty
Package: gettitlestring 2010/12/03 v1.4 Cleanup title references (HO)
)
\c@section@level=\count165
)
LaTeX Info: Redefining \ref on input line 231.
LaTeX Info: Redefining \pageref on input line 231.
LaTeX Info: Redefining \nameref on input line 231.

(./will_wright-working_notes.out) (./will_wright-working_notes.out)
\@outlinefile=\write4
\openout4 = `will_wright-working_notes.out'.

Package caption Info: Begin \AtBeginDocument code.
Package caption Info: End \AtBeginDocument code.
LaTeX Font Info:    Try loading font information for U+msa on input line 234.

(/usr/local/texlive/2015/texmf-dist/tex/latex/amsfonts/umsa.fd
File: umsa.fd 2013/01/14 v3.01 AMS symbols A
)
LaTeX Font Info:    Try loading font information for U+msb on input line 234.

(/usr/local/texlive/2015/texmf-dist/tex/latex/amsfonts/umsb.fd
File: umsb.fd 2013/01/14 v3.01 AMS symbols B
) [1

{/usr/local/texlive/2015/texmf-var/fonts/map/pdftex/updmap/pdftex.map}]
(./will_wright-working_notes.tocpdfTeX warning (ext4): destination with the sam
e identifier (name{page.1}) has been already used, duplicate ignored
<to be read again> 
                   \relax 
l.28 ...Computational Costs}{72}{subsection.6.2.2}
                                                   [1

])
\tf@toc=\write5
\openout5 = `will_wright-working_notes.toc'.

 [2] (./Introduction.tex
Chapter 1.
[3

] [4] [5] [6]) [7] (./ch2_noisy_phase_retrieval.tex
Chapter 2.

Overfull \hbox (5.01147pt too wide) in paragraph at lines 18--19
[]\OT1/cmr/m/n/10.95 Each sens-ing vec-tor $\OML/cmm/m/it/10.95 a[] \OMS/cmsy/m
/n/10.95 2 \U/msb/m/n/10.95 C[]$ \OT1/cmr/m/n/10.95 is typ-i-cally the con-ju-g
ate of the $\OML/cmm/m/it/10.95 i$\OT1/cmr/m/n/10.95 th row of the $\OML/cmm/m/
it/10.95 n\OMS/cmsy/m/n/10.95 ^^@$\OT1/cmr/m/n/10.95 dimensional
 []

[8

] <phase_retrieval_depiction_mod.jpg, id=377, 526.96875pt x 333.245pt>
File: phase_retrieval_depiction_mod.jpg Graphic file (type jpg)

<use phase_retrieval_depiction_mod.jpg>
Package pdftex.def Info: phase_retrieval_depiction_mod.jpg used on input line 4
8.
(pdftex.def)             Requested size: 322.50346pt x 203.95543pt.
 [9] [10 <./phase_retrieval_depiction_mod.jpg>] <parrot_signal_iterates.png, id
=418, 978.65625pt x 173.64874pt>
File: parrot_signal_iterates.png Graphic file (type png)

<use parrot_signal_iterates.png>
Package pdftex.def Info: parrot_signal_iterates.png used on input line 90.
(pdftex.def)             Requested size: 538.2626pt x 95.5071pt.
 [11 <./parrot_signal_iterates.png (PNG copy)>]
Package hyperref Info: bookmark level for unknown algorithm defaults to 0 on in
put line 129.
[12]
Overfull \hbox (44.14471pt too wide) in paragraph at lines 174--175
 [][] 
 []

[13] [14] [15] [16] [17] [18]
Overfull \hbox (4.86006pt too wide) in paragraph at lines 424--425
[]\OT1/cmr/m/n/10.95 The as-sump-tions of The-o-rem []2.3.1[] are met by the ex
-per-i-men-tal mod-els used in [[]],
 []

[19] [20] [21]
LaTeX Font Info:    Try loading font information for OMS+cmr on input line 547.

 (/usr/local/texlive/2015/texmf-dist/tex/latex/base/omscmr.fd
File: omscmr.fd 2014/09/29 v2.5h Standard LaTeX font definitions
)
LaTeX Font Info:    Font shape `OMS/cmr/m/n' in size <10.95> not available
(Font)              Font shape `OMS/cmsy/m/n' tried instead on input line 547.

[22] [23] [24] [25]
File: parrot_signal_iterates.png Graphic file (type png)
 <use parrot_signal_iterates.png>
Package pdftex.def Info: parrot_signal_iterates.png used on input line 745.
(pdftex.def)             Requested size: 538.2626pt x 95.5071pt.

<parrot_signal_relative_error_2.png, id=757, 925.4575pt x 206.7725pt>
File: parrot_signal_relative_error_2.png Graphic file (type png)

<use parrot_signal_relative_error_2.png>
Package pdftex.def Info: parrot_signal_relative_error_2.png used on input line 
746.
(pdftex.def)             Requested size: 555.2788pt x 124.06445pt.
 [26]) [27 <./parrot_signal_relative_error_2.png (PNG copy)>] (./ch3_gauge_dual
ity.tex
Chapter 3.
[28

] [29] [30] [31]
Overfull \hbox (5.89078pt too wide) in paragraph at lines 218--219
[]\OT1/cmr/m/n/10.95 Gauge du-al-ity the-ory was re-vis-ited in [[]], where the
 au-thors con-sider the \OT1/cmr/m/it/10.95 inequality-
 []

[32] [33] [34] [35]
Overfull \hbox (14.75153pt too wide) in paragraph at lines 441--443
\OT1/cmr/m/n/10.95 Note that the value of $\OML/cmm/m/it/10.95 ^^N[]\OT1/cmr/m/
n/10.95 (\OML/cmm/m/it/10.95 y; ^^\\OT1/cmr/m/n/10.95 )$ is ei-ther $0$ or $+\O
MS/cmsy/m/n/10.95 1$\OT1/cmr/m/n/10.95 . If $\OML/cmm/m/it/10.95 ^^N[]\OT1/cmr/
m/n/10.95 (\OML/cmm/m/it/10.95 y; ^^\\OT1/cmr/m/n/10.95 ) = 0$, then $\OMS/cmsy
/m/n/10.95 h\OT1/cmr/m/n/10.95 (\OML/cmm/m/it/10.95 x; ^^[\OT1/cmr/m/n/10.95 )\
OML/cmm/m/it/10.95 ; \OT1/cmr/m/n/10.95 (\OML/cmm/m/it/10.95 y; ^^\\OT1/cmr/m/n
/10.95 )\OMS/cmsy/m/n/10.95 i ^^T
 []

[36] [37] [38] [39] [40] [41] [42] [43] [44]) [45] (./ch4_PLGD_algorithm.tex
Chapter 4.
[46

] [47] [48] [49] [50] [51] [52] [53]) [54] (./ch5_new_term_conds.tex
Chapter 5.
[55

] [56] [57] [58]
<noisy_random_signal_relative_errors_stagnate.png, id=1520, 869.2475pt x 182.68
25pt>
File: noisy_random_signal_relative_errors_stagnate.png Graphic file (type png)
 <use noisy_random_signal_relative_errors_stagnate.png>
Package pdftex.def Info: noisy_random_signal_relative_errors_stagnate.png used 
on input line 267.
(pdftex.def)             Requested size: 521.55252pt x 109.61034pt.

Overfull \hbox (45.61165pt too wide) in paragraph at lines 267--268
[]  [] 
 []

[59] [60 <./noisy_random_signal_relative_errors_stagnate.png (PNG copy)>]
[61]
<noisy_random_signal_DFP_vs_no_DFP.png, id=1611, 866.23625pt x 187.70125pt>
File: noisy_random_signal_DFP_vs_no_DFP.png Graphic file (type png)

<use noisy_random_signal_DFP_vs_no_DFP.png>
Package pdftex.def Info: noisy_random_signal_DFP_vs_no_DFP.png used on input li
ne 335.
(pdftex.def)             Requested size: 519.74577pt x 112.62161pt.

Overfull \hbox (46.6499pt too wide) in paragraph at lines 335--336
[]  [] 
 []

[62 <./noisy_random_signal_DFP_vs_no_DFP.png (PNG copy)>] [63]
<term_crit-signal_err.png, id=1660, 884.30376pt x 504.88625pt>
File: term_crit-signal_err.png Graphic file (type png)

<use term_crit-signal_err.png>
Package pdftex.def Info: term_crit-signal_err.png used on input line 391.
(pdftex.def)             Requested size: 530.58635pt x 302.93407pt.
 [64 <./term_crit-signal_err.png (PNG copy)>]
<term_crit-pr_and_dual.png, id=1706, 884.30376pt x 754.82pt>
File: term_crit-pr_and_dual.png Graphic file (type png)

<use term_crit-pr_and_dual.png>
Package pdftex.def Info: term_crit-pr_and_dual.png used on input line 463.
(pdftex.def)             Requested size: 530.58635pt x 452.89551pt.
 [65] [66 <./term_crit-pr_and_dual.png (PNG copy)>] <term_crit-duality_gap.png,
 id=1749, 860.21375pt x 432.61626pt>
File: term_crit-duality_gap.png Graphic file (type png)

<use term_crit-duality_gap.png>
Package pdftex.def Info: term_crit-duality_gap.png used on input line 490.
(pdftex.def)             Requested size: 516.13223pt x 259.57176pt.
 [67]
<term_crit-model_term_for_tols.png, id=1770, 884.30376pt x 505.89pt>
File: term_crit-model_term_for_tols.png Graphic file (type png)

<use term_crit-model_term_for_tols.png>
Package pdftex.def Info: term_crit-model_term_for_tols.png used on input line 5
12.
(pdftex.def)             Requested size: 530.58635pt x 303.53633pt.
 [68 <./term_crit-duality_gap.png (PNG copy)>]) [69 <./term_crit-model_term_for
_tols.png (PNG copy)>]
(./ch6_eig_methods.tex
Chapter 6.
[70

] [71] [72]
<EMEP_costs_num_mat_vecs.png, id=1876, 884.30376pt x 400.49625pt>
File: EMEP_costs_num_mat_vecs.png Graphic file (type png)

<use EMEP_costs_num_mat_vecs.png>
Package pdftex.def Info: EMEP_costs_num_mat_vecs.png used on input line 159.
(pdftex.def)             Requested size: 530.58635pt x 240.29959pt.

<EMEP_full_spectrum.png, id=1886, 874.26625pt x 483.8075pt>
File: EMEP_full_spectrum.png Graphic file (type png)

<use EMEP_full_spectrum.png>
Package pdftex.def Info: EMEP_full_spectrum.png used on input line 184.
(pdftex.def)             Requested size: 524.5638pt x 290.28674pt.
 [73 <./EMEP_costs_num_mat_vecs.png (PNG copy)>]
<EMEP_largest_eigvals.png, id=1905, 873.2625pt x 440.64626pt>
File: EMEP_largest_eigvals.png Graphic file (type png)

<use EMEP_largest_eigvals.png>
Package pdftex.def Info: EMEP_largest_eigvals.png used on input line 205.
(pdftex.def)             Requested size: 523.96153pt x 264.38979pt.
 [74 <./EMEP_full_spectrum.png (PNG copy)>]
[75 <./EMEP_largest_eigvals.png (PNG copy)>] [76]

Package hyperref Warning: Token not allowed in a PDF string (PDFDocEncoding):
(hyperref)                removing `math shift' on input line 346.


Package hyperref Warning: Token not allowed in a PDF string (PDFDocEncoding):
(hyperref)                removing `math shift' on input line 346.

[77] [78] [79]

Package hyperref Warning: Token not allowed in a PDF string (PDFDocEncoding):
(hyperref)                removing `math shift' on input line 471.


Package hyperref Warning: Token not allowed in a PDF string (PDFDocEncoding):
(hyperref)                removing `math shift' on input line 471.

[80] [81] [82] [83]
<Numerics-num_matvecs_orig_vs_optimal_params_1.png, id=2110, 746.79pt x 422.578
75pt>
File: Numerics-num_matvecs_orig_vs_optimal_params_1.png Graphic file (type png)

 <use Numerics-num_matvecs_orig_vs_optimal_params_1.png>
Package pdftex.def Info: Numerics-num_matvecs_orig_vs_optimal_params_1.png used
 on input line 652.
(pdftex.def)             Requested size: 448.07745pt x 253.5492pt.

<Numerics-num_matvecs_orig_vs_optimal_params_2.png, id=2111, 821.0675pt x 198.7
425pt>
File: Numerics-num_matvecs_orig_vs_optimal_params_2.png Graphic file (type png)

 <use Numerics-num_matvecs_orig_vs_optimal_params_2.png>
Package pdftex.def Info: Numerics-num_matvecs_orig_vs_optimal_params_2.png used
 on input line 653.
(pdftex.def)             Requested size: 492.6443pt x 119.24641pt.
 [84] [85 <./Numerics-num_matvecs_orig_vs_optimal_params_1.png (PNG copy)> <./N
umerics-num_matvecs_orig_vs_optimal_params_2.png (PNG copy)>]
Overfull \hbox (39.50543pt too wide) in paragraph at lines 694--698
\OT1/cmr/m/n/10.95 where $\OML/cmm/m/it/10.95 y \OT1/cmr/m/n/10.95 = [\OML/cmm/
m/it/10.95 t[]\OT1/cmr/m/n/10.95 ; \OML/cmm/m/it/10.95 t[]\OT1/cmr/m/n/10.95 ; 
\OML/cmm/m/it/10.95 t[]\OT1/cmr/m/n/10.95 ; \OML/cmm/m/it/10.95 t[]\OT1/cmr/m/n
/10.95 ]$ is the vec-tor of matrix-vector prod-uct val-ues, $\OML/cmm/m/it/10.9
5 x \OT1/cmr/m/n/10.95 = [\OML/cmm/m/it/10.95 r[]\OT1/cmr/m/n/10.95 ; \OML/cmm/
m/it/10.95 r[]\OT1/cmr/m/n/10.95 ; \OML/cmm/m/it/10.95 r[]\OT1/cmr/m/n/10.95 ; 
\OML/cmm/m/it/10.95 r[]\OT1/cmr/m/n/10.95 ]$
 []

[86] [87]
<Numerics-num_eigs_ada_vs_opt_1.png, id=2167, 858.20625pt x 259.97125pt>
File: Numerics-num_eigs_ada_vs_opt_1.png Graphic file (type png)

<use Numerics-num_eigs_ada_vs_opt_1.png>
Package pdftex.def Info: Numerics-num_eigs_ada_vs_opt_1.png used on input line 
755.
(pdftex.def)             Requested size: 514.92773pt x 155.98395pt.
 [88 <./Numerics-num_eigs_ada_vs_opt_1.png (PNG copy)>]
<Numerics-num_eigs_req_ada_2_exps.png, id=2196, 865.2325pt x 246.9225pt>
File: Numerics-num_eigs_req_ada_2_exps.png Graphic file (type png)

<use Numerics-num_eigs_req_ada_2_exps.png>
Package pdftex.def Info: Numerics-num_eigs_req_ada_2_exps.png used on input lin
e 796.
(pdftex.def)             Requested size: 519.14351pt x 148.15462pt.
 [89 <./Numerics-num_eigs_req_ada_2_exps.png (PNG copy)>]
<Numerics-surf_num_mvs_and_eig_diffs_1.png, id=2224, 678.535pt x 705.63625pt>
File: Numerics-surf_num_mvs_and_eig_diffs_1.png Graphic file (type png)

<use Numerics-surf_num_mvs_and_eig_diffs_1.png>
Package pdftex.def Info: Numerics-surf_num_mvs_and_eig_diffs_1.png used on inpu
t line 832.
(pdftex.def)             Requested size: 441.04253pt x 458.65813pt.
 [90]
<Numerics-surf_num_mvs_and_eig_diffs_2.png, id=2240, 677.53125pt x 707.64375pt>
File: Numerics-surf_num_mvs_and_eig_diffs_2.png Graphic file (type png)
<use Numerics-surf_num_mvs_and_eig_diffs_2.png>
Package pdftex.def Info: Numerics-surf_num_mvs_and_eig_diffs_2.png used on inpu
t line 842.
(pdftex.def)             Requested size: 440.39009pt x 459.963pt.
 [91 <./Numerics-surf_num_mvs_and_eig_diffs_1.png (PNG copy)>] [92 <./Numerics-
surf_num_mvs_and_eig_diffs_2.png (PNG copy)>] [93]
<Numerics-surf_mvs_for_m_vs_j_1.png, id=2293, 350.30875pt x 356.33125pt>
File: Numerics-surf_mvs_for_m_vs_j_1.png Graphic file (type png)

<use Numerics-surf_mvs_for_m_vs_j_1.png>
Package pdftex.def Info: Numerics-surf_mvs_for_m_vs_j_1.png used on input line 
897.
(pdftex.def)             Requested size: 210.18686pt x 213.80038pt.

<Numerics-surf_mvs_for_m_vs_j_2.png, id=2294, 351.3125pt x 355.3275pt>
File: Numerics-surf_mvs_for_m_vs_j_2.png Graphic file (type png)

<use Numerics-surf_mvs_for_m_vs_j_2.png>
Package pdftex.def Info: Numerics-surf_mvs_for_m_vs_j_2.png used on input line 
898.
(pdftex.def)             Requested size: 210.78911pt x 213.19814pt.
) [94 <./Numerics-surf_mvs_for_m_vs_j_1.png (PNG copy)> <./Numerics-surf_mvs_fo
r_m_vs_j_2.png (PNG copy)>]
(./ch7_numerics.tex
Chapter 7.
<Numerics-ada_vs_orig_various_params.png, id=2330, 860.21375pt x 238.8925pt>
File: Numerics-ada_vs_orig_various_params.png Graphic file (type png)

<use Numerics-ada_vs_orig_various_params.png>
Package pdftex.def Info: Numerics-ada_vs_orig_various_params.png used on input 
line 24.
(pdftex.def)             Requested size: 516.13223pt x 143.3366pt.
 [95

] [96 <./Numerics-ada_vs_orig_various_params.png (PNG copy)>]
<jul_and_me_orig.png, id=2374, 240.9pt x 240.9pt>
File: jul_and_me_orig.png Graphic file (type png)
 <use jul_and_me_orig.png>
Package pdftex.def Info: jul_and_me_orig.png used on input line 79.
(pdftex.def)             Requested size: 100.37596pt x 100.37596pt.

<UCD_orig.png, id=2375, 602.25pt x 200.75pt>
File: UCD_orig.png Graphic file (type png)
 <use UCD_orig.png>
Package pdftex.def Info: UCD_orig.png used on input line 81.
(pdftex.def)             Requested size: 301.12425pt x 100.37474pt.

<jul_and_me_L_15_ada40.png, id=2376, 240.9pt x 240.9pt>
File: jul_and_me_L_15_ada40.png Graphic file (type png)

<use jul_and_me_L_15_ada40.png>
Package pdftex.def Info: jul_and_me_L_15_ada40.png used on input line 84.
(pdftex.def)             Requested size: 100.37596pt x 100.37596pt.

<UCD_L_15_ada40.png, id=2377, 602.25pt x 200.75pt>
File: UCD_L_15_ada40.png Graphic file (type png)
 <use UCD_L_15_ada40.png>
Package pdftex.def Info: UCD_L_15_ada40.png used on input line 86.
(pdftex.def)             Requested size: 301.12425pt x 100.37474pt.

[97 <./jul_and_me_orig.png (PNG copy)> <./UCD_orig.png (PNG copy)> <./jul_and_m
e_L_15_ada40.png (PNG copy)> <./UCD_L_15_ada40.png (PNG copy)>]
File: Numerics-num_eigs_ada_vs_opt_1.png Graphic file (type png)

<use Numerics-num_eigs_ada_vs_opt_1.png>
Package pdftex.def Info: Numerics-num_eigs_ada_vs_opt_1.png used on input line 
145.
(pdftex.def)             Requested size: 514.92773pt x 155.98395pt.

<Numerics-num_eigs_ada_vs_opt_2.png, id=2407, 860.21375pt x 181.67876pt>
File: Numerics-num_eigs_ada_vs_opt_2.png Graphic file (type png)

<use Numerics-num_eigs_ada_vs_opt_2.png>
Package pdftex.def Info: Numerics-num_eigs_ada_vs_opt_2.png used on input line 
146.
(pdftex.def)             Requested size: 516.13223pt x 109.00809pt.
 [98]
Overfull \hbox (7.23111pt too wide) in paragraph at lines 171--185
 [][] 
 []

[99 <./Numerics-num_eigs_ada_vs_opt_2.png (PNG copy)>]
<Numerics-num_matvecs_ada_for_m_vals.png, id=2454, 855.195pt x 563.10374pt>
File: Numerics-num_matvecs_ada_for_m_vals.png Graphic file (type png)

<use Numerics-num_matvecs_ada_for_m_vals.png>
Package pdftex.def Info: Numerics-num_matvecs_ada_for_m_vals.png used on input 
line 203.
(pdftex.def)             Requested size: 513.12097pt x 337.86485pt.
 [100]) [101 <./Numerics-num_matvecs_ada_for_m_vals.png (PNG copy)>] (./ch8_con
clusion.tex
Chapter 8.
[102

]) [103] (./Appx-A_proof_of_PL1_gauge_duality.tex
Appendix A.

Package hyperref Warning: Token not allowed in a PDF string (PDFDocEncoding):
(hyperref)                removing `math shift' on input line 1.


Package hyperref Warning: Token not allowed in a PDF string (PDFDocEncoding):
(hyperref)                removing `subscript' on input line 1.


Package hyperref Warning: Token not allowed in a PDF string (PDFDocEncoding):
(hyperref)                removing `math shift' on input line 1.

) [104

] (./Appx-B_further_justification.tex
Appendix B.
<term_crit-pr_err_fails.png, id=2566, 854.19125pt x 200.75pt>
File: term_crit-pr_err_fails.png Graphic file (type png)

<use term_crit-pr_err_fails.png>
Package pdftex.def Info: term_crit-pr_err_fails.png used on input line 25.
(pdftex.def)             Requested size: 512.5187pt x 120.45091pt.
 [105

] [106 <./term_crit-pr_err_fails.png (PNG copy)>] <term_crit-dual_obj.png, id=2
615, 890.32625pt x 392.46625pt>
File: term_crit-dual_obj.png Graphic file (type png)

<use term_crit-dual_obj.png>
Package pdftex.def Info: term_crit-dual_obj.png used on input line 93.
(pdftex.def)             Requested size: 534.19987pt x 235.48155pt.
 [107]) [108 <./term_crit-dual_obj.png (PNG copy)>] (./will_wright-working_note
s.bbl [109

] [110] [111] [112]
Missing character: There is no â in font cmti10!
Missing character: There is no € in font cmti10!
Missing character: There is no ” in font cmti10!
 [113]) [114]
Package atveryend Info: Empty hook `BeforeClearDocument' on input line 308.
Package atveryend Info: Empty hook `AfterLastShipout' on input line 308.

(./will_wright-working_notes.aux)
Package atveryend Info: Executing hook `AtVeryEndDocument' on input line 308.
Package atveryend Info: Executing hook `AtEndAfterFileList' on input line 308.
Package rerunfilecheck Info: File `will_wright-working_notes.out' has not chang
ed.
(rerunfilecheck)             Checksum: 667B733E71C067B35EEEAF30EB96E60D;3070.
Package atveryend Info: Empty hook `AtVeryVeryEnd' on input line 308.
 ) 
Here is how much of TeX's memory you used:
 22201 strings out of 493054
 434275 string characters out of 6134760
 543407 words of memory out of 5000000
 24781 multiletter control sequences out of 15000+600000
 20222 words of font info for 77 fonts, out of 8000000 for 9000
 1141 hyphenation exceptions out of 8191
 55i,21n,67p,1332b,904s stack positions out of 5000i,500n,10000p,200000b,80000s
</usr/local/texlive/2015/texmf-dist/fonts/type1/public/amsfonts/cm/cmbx10.pfb
></usr/local/texlive/2015/texmf-dist/fonts/type1/public/amsfonts/cm/cmbx12.pfb>
</usr/local/texlive/2015/texmf-dist/fonts/type1/public/amsfonts/cm/cmex10.pfb><
/usr/local/texlive/2015/texmf-dist/fonts/type1/public/amsfonts/cm/cmmi10.pfb></
usr/local/texlive/2015/texmf-dist/fonts/type1/public/amsfonts/cm/cmmi12.pfb></u
sr/local/texlive/2015/texmf-dist/fonts/type1/public/amsfonts/cm/cmmi6.pfb></usr
/local/texlive/2015/texmf-dist/fonts/type1/public/amsfonts/cm/cmmi8.pfb></usr/l
ocal/texlive/2015/texmf-dist/fonts/type1/public/amsfonts/cm/cmmi9.pfb></usr/loc
al/texlive/2015/texmf-dist/fonts/type1/public/amsfonts/cm/cmr10.pfb></usr/local
/texlive/2015/texmf-dist/fonts/type1/public/amsfonts/cm/cmr12.pfb></usr/local/t
exlive/2015/texmf-dist/fonts/type1/public/amsfonts/cm/cmr17.pfb></usr/local/tex
live/2015/texmf-dist/fonts/type1/public/amsfonts/cm/cmr6.pfb></usr/local/texliv
e/2015/texmf-dist/fonts/type1/public/amsfonts/cm/cmr8.pfb></usr/local/texlive/2
015/texmf-dist/fonts/type1/public/amsfonts/cm/cmr9.pfb></usr/local/texlive/2015
/texmf-dist/fonts/type1/public/amsfonts/cm/cmsy10.pfb></usr/local/texlive/2015/
texmf-dist/fonts/type1/public/amsfonts/cm/cmsy6.pfb></usr/local/texlive/2015/te
xmf-dist/fonts/type1/public/amsfonts/cm/cmsy8.pfb></usr/local/texlive/2015/texm
f-dist/fonts/type1/public/amsfonts/cm/cmti10.pfb></usr/local/texlive/2015/texmf
-dist/fonts/type1/public/amsfonts/cm/cmti9.pfb></usr/local/texlive/2015/texmf-d
ist/fonts/type1/public/amsfonts/cm/cmtt10.pfb></usr/local/texlive/2015/texmf-di
st/fonts/type1/public/amsfonts/cm/cmtt9.pfb></usr/local/texlive/2015/texmf-dist
/fonts/type1/public/amsfonts/symbols/msam10.pfb></usr/local/texlive/2015/texmf-
dist/fonts/type1/public/amsfonts/symbols/msbm10.pfb>
Output written on will_wright-working_notes.pdf (115 pages, 2587417 bytes).
PDF statistics:
 2851 PDF objects out of 2984 (max. 8388607)
 2525 compressed objects within 26 object streams
 482 named destinations out of 1000 (max. 500000)
 494 words of extra memory for PDF output out of 10000 (max. 10000000)

